<?xml version="1.0" encoding="UTF-8"?>
<robot generator="Robot 7.0 (Python 3.12.1 on darwin)" generated="2024-04-17T23:05:15.083075" rpa="false" schemaversion="5">
<suite id="s1" name="Tests" source="/Users/macbook/AutomacaoWebBartofil/Tests">
<suite id="s1-s1" name="Venda B2B" source="/Users/macbook/AutomacaoWebBartofil/Tests/Venda_B2B.robot">
<test id="s1-s1-t1" name="Venda de Produto nao configuravel com metodo de pagamento Cartao de Credito" line="42">
<kw name="Abrir o navegador" owner="OpenBrowser" type="SETUP">
<kw name="Open Browser" owner="SeleniumLibrary">
<msg time="2024-04-17T23:05:15.488644" level="INFO">Opening browser 'chrome' to base url 'None'.</msg>
<arg>browser=${BROWSER}</arg>
<doc>Opens a new browser instance to the optional ``url``.</doc>
<status status="PASS" start="2024-04-17T23:05:15.488288" elapsed="2.306782"/>
</kw>
<kw name="Maximize Browser Window" owner="SeleniumLibrary">
<doc>Maximizes current browser window.</doc>
<status status="PASS" start="2024-04-17T23:05:17.796030" elapsed="0.430749"/>
</kw>
<status status="PASS" start="2024-04-17T23:05:15.487163" elapsed="2.740293"/>
</kw>
<kw name="Dado que acesso o site do parceiro Bartofil" owner="HomePage">
<kw name="Go To" owner="SeleniumLibrary">
<msg time="2024-04-17T23:05:18.230781" level="INFO">Opening url 'https://mcstaging.bartofil.com.br/'</msg>
<arg>${URL_BARTOFIL}</arg>
<doc>Navigates the current browser window to the provided ``url``.</doc>
<status status="PASS" start="2024-04-17T23:05:18.230207" elapsed="1.650628"/>
</kw>
<kw name="Wait Until Element Is Visible" owner="SeleniumLibrary">
<arg>${HOME_BUTTON_PERMITIRCOOKIES}</arg>
<arg>5s</arg>
<doc>Waits until the element ``locator`` is visible.</doc>
<status status="PASS" start="2024-04-17T23:05:19.881270" elapsed="1.421576"/>
</kw>
<kw name="Click Button" owner="SeleniumLibrary">
<msg time="2024-04-17T23:05:21.303649" level="INFO">Clicking button '//button[@class='action allow primary']'.</msg>
<arg>${HOME_BUTTON_PERMITIRCOOKIES}</arg>
<doc>Clicks the button identified by ``locator``.</doc>
<status status="PASS" start="2024-04-17T23:05:21.303241" elapsed="1.012829"/>
</kw>
<status status="PASS" start="2024-04-17T23:05:18.228963" elapsed="4.087470"/>
</kw>
<kw name="E realizo o login com sucesso" owner="HomePage">
<kw name="Quando clicar em Olá! Entre ou cadastra-se" owner="HomePage">
<kw name="Click Element" owner="SeleniumLibrary">
<msg time="2024-04-17T23:05:22.320351" level="INFO">Clicking element '(//a[contains(@class,'customer-login-link')])[1]'.</msg>
<arg>${HOME_LINK_CUSTOMERLOGIN}</arg>
<doc>Click the element identified by ``locator``.</doc>
<status status="PASS" start="2024-04-17T23:05:22.319763" elapsed="0.272278"/>
</kw>
<kw name="Wait Until Element Is Visible" owner="SeleniumLibrary">
<arg>${HOME_MODALTITLE_JASOUCLIENTE}</arg>
<arg>5s</arg>
<doc>Waits until the element ``locator`` is visible.</doc>
<status status="PASS" start="2024-04-17T23:05:22.592302" elapsed="0.584294"/>
</kw>
<status status="PASS" start="2024-04-17T23:05:22.318751" elapsed="0.857993"/>
</kw>
<kw name="E preencher login e senha" owner="HomePage">
<kw name="Input Text" owner="SeleniumLibrary">
<msg time="2024-04-17T23:05:23.178849" level="INFO">Typing text '04746914000157' into text field '//input[@placeholder='CPF/CNPJ']'.</msg>
<arg>${HOME_INPUT_USERNAME}</arg>
<arg>${CNPJ_EMPRESA_APROVADA}</arg>
<doc>Types the given ``text`` into the text field identified by ``locator``.</doc>
<status status="PASS" start="2024-04-17T23:05:23.177937" elapsed="0.430489"/>
</kw>
<kw name="Input Password" owner="SeleniumLibrary">
<msg time="2024-04-17T23:05:23.609066" level="INFO">Typing password into text field '//input[contains(@title,'Senha')]'.</msg>
<msg time="2024-04-17T23:05:23.661605" level="INFO">Temporally setting log level to: NONE</msg>
<arg>${HOME_INPUT_PASSWORD}</arg>
<arg>${PASSWORD}</arg>
<doc>Types the given password into the text field identified by ``locator``.</doc>
<status status="PASS" start="2024-04-17T23:05:23.608692" elapsed="0.152683"/>
</kw>
<status status="PASS" start="2024-04-17T23:05:23.176975" elapsed="0.584542"/>
</kw>
<kw name="E clicar em Entrar" owner="HomePage">
<kw name="Click Button" owner="SeleniumLibrary">
<msg time="2024-04-17T23:05:23.762352" level="INFO">Clicking button '//button[@class='action login primary']'.</msg>
<arg>${HOME_BUTTON_LOGIN}</arg>
<doc>Clicks the button identified by ``locator``.</doc>
<status status="PASS" start="2024-04-17T23:05:23.762092" elapsed="0.146468"/>
</kw>
<status status="PASS" start="2024-04-17T23:05:23.761737" elapsed="0.147036"/>
</kw>
<kw name="Então o Minha Conta será exibido no header" owner="HomePage">
<kw name="Wait Until Element Is Visible" owner="SeleniumLibrary">
<arg>${HOME_HEADER_MINHACONTA}</arg>
<arg>5s</arg>
<doc>Waits until the element ``locator`` is visible.</doc>
<status status="PASS" start="2024-04-17T23:05:23.909702" elapsed="3.009682"/>
</kw>
<status status="PASS" start="2024-04-17T23:05:23.909114" elapsed="3.010660"/>
</kw>
<status status="PASS" start="2024-04-17T23:05:22.317481" elapsed="4.602523"/>
</kw>
<kw name="Quando pesquisar o produto com SKU 108384" owner="HomePage" source_name="Quando pesquisar o produto com SKU ${SKU}">
<kw name="Input Text" owner="SeleniumLibrary">
<msg time="2024-04-17T23:05:26.922092" level="INFO">Typing text '108384' into text field '//input[@name='q']'.</msg>
<arg>${HOME_INPUT_BUSCAPRODUTO}</arg>
<arg>${SKU}</arg>
<doc>Types the given ``text`` into the text field identified by ``locator``.</doc>
<status status="PASS" start="2024-04-17T23:05:26.921713" elapsed="1.812754"/>
</kw>
<kw name="Wait Until Element Is Visible" owner="SeleniumLibrary">
<arg>${HOME_GRID_RESULTADOPRODUTO}</arg>
<arg>10s</arg>
<doc>Waits until the element ``locator`` is visible.</doc>
<status status="PASS" start="2024-04-17T23:05:28.734923" elapsed="1.556777"/>
</kw>
<kw name="Sleep" owner="BuiltIn">
<msg time="2024-04-17T23:05:33.293069" level="INFO">Slept 3 seconds.</msg>
<arg>3s</arg>
<doc>Pauses the test executed for the given time.</doc>
<status status="PASS" start="2024-04-17T23:05:30.291980" elapsed="3.001341"/>
</kw>
<kw name="Click Element" owner="SeleniumLibrary">
<msg time="2024-04-17T23:05:33.294485" level="INFO">Clicking element '//img[contains(@class,'ProductImage-sc-r6p7z fITroU')]'.</msg>
<arg>${HOME_GRID_RESULTADOPRODUTO}</arg>
<doc>Click the element identified by ``locator``.</doc>
<status status="PASS" start="2024-04-17T23:05:33.293859" elapsed="2.219624"/>
</kw>
<status status="PASS" start="2024-04-17T23:05:26.920959" elapsed="8.592749"/>
</kw>
<kw name="E validar tela de PDP" owner="PdpPage">
<kw name="Wait Until Element Is Visible" owner="SeleniumLibrary">
<arg>${PDP_PAGETITLE_PRODUTO}</arg>
<doc>Waits until the element ``locator`` is visible.</doc>
<status status="PASS" start="2024-04-17T23:05:35.514935" elapsed="0.618638"/>
</kw>
<kw name="Wait Until Element Is Visible" owner="SeleniumLibrary">
<arg>${PDP_IMAGE_PDP}</arg>
<doc>Waits until the element ``locator`` is visible.</doc>
<status status="PASS" start="2024-04-17T23:05:36.133911" elapsed="0.680575"/>
</kw>
<kw name="Wait Until Element Is Visible" owner="SeleniumLibrary">
<arg>${PDP_ITEMPROP_SKUPRODUTO}</arg>
<doc>Waits until the element ``locator`` is visible.</doc>
<status status="PASS" start="2024-04-17T23:05:36.814759" elapsed="0.140112"/>
</kw>
<status status="PASS" start="2024-04-17T23:05:35.514464" elapsed="1.440548"/>
</kw>
<kw name="E adicionar o produto no carrinho" owner="PdpPage">
<kw name="Scroll Element Into View" owner="SeleniumLibrary">
<arg>${PDP_LABEL_DESCPRODUTO}</arg>
<doc>Scrolls the element identified by ``locator`` into view.</doc>
<status status="PASS" start="2024-04-17T23:05:36.955973" elapsed="0.306880"/>
</kw>
<for flavor="IN RANGE">
<iter>
<kw name="Click Element" owner="SeleniumLibrary">
<msg time="2024-04-17T23:05:37.264357" level="INFO">Clicking element '//button[@class='increment']'.</msg>
<arg>${PDP_BUTTON_ADICIONAR_QUANTIDADE_PRODUTO}</arg>
<doc>Click the element identified by ``locator``.</doc>
<status status="PASS" start="2024-04-17T23:05:37.263957" elapsed="0.160033"/>
</kw>
<var name="${index}">0</var>
<status status="PASS" start="2024-04-17T23:05:37.263666" elapsed="0.160537"/>
</iter>
<iter>
<kw name="Click Element" owner="SeleniumLibrary">
<msg time="2024-04-17T23:05:37.425331" level="INFO">Clicking element '//button[@class='increment']'.</msg>
<arg>${PDP_BUTTON_ADICIONAR_QUANTIDADE_PRODUTO}</arg>
<doc>Click the element identified by ``locator``.</doc>
<status status="PASS" start="2024-04-17T23:05:37.424914" elapsed="0.090984"/>
</kw>
<var name="${index}">1</var>
<status status="PASS" start="2024-04-17T23:05:37.424621" elapsed="0.091377"/>
</iter>
<iter>
<kw name="Click Element" owner="SeleniumLibrary">
<msg time="2024-04-17T23:05:37.516612" level="INFO">Clicking element '//button[@class='increment']'.</msg>
<arg>${PDP_BUTTON_ADICIONAR_QUANTIDADE_PRODUTO}</arg>
<doc>Click the element identified by ``locator``.</doc>
<status status="PASS" start="2024-04-17T23:05:37.516348" elapsed="0.064441"/>
</kw>
<var name="${index}">2</var>
<status status="PASS" start="2024-04-17T23:05:37.516180" elapsed="0.064719"/>
</iter>
<iter>
<kw name="Click Element" owner="SeleniumLibrary">
<msg time="2024-04-17T23:05:37.581945" level="INFO">Clicking element '//button[@class='increment']'.</msg>
<arg>${PDP_BUTTON_ADICIONAR_QUANTIDADE_PRODUTO}</arg>
<doc>Click the element identified by ``locator``.</doc>
<status status="PASS" start="2024-04-17T23:05:37.581516" elapsed="0.060481"/>
</kw>
<var name="${index}">3</var>
<status status="PASS" start="2024-04-17T23:05:37.581168" elapsed="0.060937"/>
</iter>
<var>${index}</var>
<value>4</value>
<status status="PASS" start="2024-04-17T23:05:37.263114" elapsed="0.379070"/>
</for>
<kw name="Click Button" owner="SeleniumLibrary">
<msg time="2024-04-17T23:05:37.642697" level="INFO">Clicking button 'product-addtocart-button'.</msg>
<arg>${PDP_BUTTON_ADDCARRINHO}</arg>
<doc>Clicks the button identified by ``locator``.</doc>
<status status="PASS" start="2024-04-17T23:05:37.642415" elapsed="0.155822"/>
</kw>
<kw name="Get Text" owner="SeleniumLibrary">
<msg time="2024-04-17T23:05:37.880862" level="INFO">${DESC_PRODUTO} = FILTRO ÓLEO CARRETA/CAMINHÃO VOLVO METAL LEVE</msg>
<var>${DESC_PRODUTO}</var>
<arg>${PDP_LABEL_NOMEPRODUTO}</arg>
<doc>Returns the text value of the element identified by ``locator``.</doc>
<status status="PASS" start="2024-04-17T23:05:37.798577" elapsed="0.082367"/>
</kw>
<kw name="Set Global Variable" owner="BuiltIn">
<msg time="2024-04-17T23:05:37.881978" level="INFO">${PDP_MENSAGEM_PRODUTOADDAOCARRINHO} = //div[@data-bind='html: $parent.prepareMessageForHtml(message.text)'][contains(.,'FILTRO ÓLEO CARRETA/CAMINHÃO VOLVO METAL LEVE')]</msg>
<arg>${PDP_MENSAGEM_PRODUTOADDAOCARRINHO}</arg>
<arg>//div[@data-bind='html: $parent.prepareMessageForHtml(message.text)'][contains(.,'${DESC_PRODUTO}')]</arg>
<doc>Makes a variable available globally in all tests and suites.</doc>
<status status="PASS" start="2024-04-17T23:05:37.881357" elapsed="0.000741"/>
</kw>
<kw name="Page Should Contain" owner="SeleniumLibrary">
<msg time="2024-04-17T23:05:37.920667" level="INFO">Current page contains text 'FILTRO ÓLEO CARRETA/CAMINHÃO VOLVO METAL LEVE'.</msg>
<arg>${DESC_PRODUTO}</arg>
<arg>${PDP_MENSAGEM_PRODUTOADDAOCARRINHO}</arg>
<doc>Verifies that current page contains ``text``.</doc>
<status status="PASS" start="2024-04-17T23:05:37.882901" elapsed="0.037933"/>
</kw>
<kw name="Wait Until Element Is Visible" owner="SeleniumLibrary">
<arg>${PDP_BUTTON_VERCARRINHO}</arg>
<doc>Waits until the element ``locator`` is visible.</doc>
<status status="PASS" start="2024-04-17T23:05:37.921641" elapsed="2.239594"/>
</kw>
<kw name="Scroll Element Into View" owner="SeleniumLibrary">
<arg>${PDP_BUTTON_VERCARRINHO}</arg>
<doc>Scrolls the element identified by ``locator`` into view.</doc>
<status status="PASS" start="2024-04-17T23:05:40.161615" elapsed="0.295210"/>
</kw>
<kw name="Click Button" owner="SeleniumLibrary">
<msg time="2024-04-17T23:05:40.457958" level="INFO">Clicking button '//button[contains(@title,'Ver Carrinho')]'.</msg>
<arg>${PDP_BUTTON_VERCARRINHO}</arg>
<doc>Clicks the button identified by ``locator``.</doc>
<status status="PASS" start="2024-04-17T23:05:40.457520" elapsed="3.935100"/>
</kw>
<kw name="Click Element" owner="SeleniumLibrary">
<msg time="2024-04-17T23:05:44.393205" level="INFO">Clicking element '//span[contains(.,'Fechar Pedido')]'.</msg>
<arg>${PDP_BUTTON_FECHARPEDIDO}</arg>
<doc>Click the element identified by ``locator``.</doc>
<status status="PASS" start="2024-04-17T23:05:44.392885" elapsed="2.853547"/>
</kw>
<kw name="Wait Until Element Is Visible" owner="SeleniumLibrary">
<arg>${CHECKOUT_BUTTON_NEXTSTEP}</arg>
<doc>Waits until the element ``locator`` is visible.</doc>
<status status="PASS" start="2024-04-17T23:05:47.246700" elapsed="2.500555"/>
</kw>
<kw name="Sleep" owner="BuiltIn">
<msg time="2024-04-17T23:05:54.748495" level="INFO">Slept 5 seconds.</msg>
<arg>5</arg>
<doc>Pauses the test executed for the given time.</doc>
<status status="PASS" start="2024-04-17T23:05:49.747562" elapsed="5.001181"/>
</kw>
<kw name="Click Element" owner="SeleniumLibrary">
<msg time="2024-04-17T23:05:54.749830" level="INFO">Clicking element '//button[@class='action primary checkout next-step-trigger']'.</msg>
<arg>${CHECKOUT_BUTTON_NEXTSTEP}</arg>
<doc>Click the element identified by ``locator``.</doc>
<status status="PASS" start="2024-04-17T23:05:54.749236" elapsed="0.155296"/>
</kw>
<kw name="Wait Until Element Is Enabled" owner="SeleniumLibrary">
<arg>//input[@data-bind='click: removeRewardPoints']</arg>
<doc>Waits until the element ``locator`` is enabled.</doc>
<status status="PASS" start="2024-04-17T23:05:54.905083" elapsed="0.057270"/>
</kw>
<status status="PASS" start="2024-04-17T23:05:36.955559" elapsed="18.006955"/>
</kw>
<kw name="E selecionar o metodo de pagamento como Cartao de Credito" owner="CheckoutPage">
<kw name="Wait Until Element Is Visible" owner="SeleniumLibrary">
<msg time="2024-04-17T23:05:58.557820" level="INFO" html="true">&lt;/td&gt;&lt;/tr&gt;&lt;tr&gt;&lt;td colspan="3"&gt;&lt;a href="selenium-screenshot-2.png"&gt;&lt;img src="selenium-screenshot-2.png" width="800px"&gt;&lt;/a&gt;</msg>
<msg time="2024-04-17T23:05:58.558107" level="FAIL">Element '//span[@class='title desk'][contains(.,'Resumo do Pedido')]' not visible after 3 seconds.</msg>
<arg>${CHECKOUT_LABEL_RESUMODOPEDIDO}</arg>
<arg>3s</arg>
<doc>Waits until the element ``locator`` is visible.</doc>
<status status="FAIL" start="2024-04-17T23:05:54.966959" elapsed="3.599934">Element '//span[@class='title desk'][contains(.,'Resumo do Pedido')]' not visible after 3 seconds.</status>
</kw>
<kw name="Sleep" owner="BuiltIn">
<arg>3</arg>
<doc>Pauses the test executed for the given time.</doc>
<status status="NOT RUN" start="2024-04-17T23:05:58.567222" elapsed="0.000053"/>
</kw>
<kw name="Click Element" owner="SeleniumLibrary">
<arg>${CHECKOUT_RADIOBUTTON_CARTAOCREDITO}</arg>
<doc>Click the element identified by ``locator``.</doc>
<status status="NOT RUN" start="2024-04-17T23:05:58.567458" elapsed="0.000043"/>
</kw>
<kw name="Wait Until Element Is Visible" owner="SeleniumLibrary">
<arg>${CHECKOUT_RADIOBUTTON_CARTAOCREDITO}</arg>
<arg>3s</arg>
<doc>Waits until the element ``locator`` is visible.</doc>
<status status="NOT RUN" start="2024-04-17T23:05:58.567674" elapsed="0.000041"/>
</kw>
<status status="FAIL" start="2024-04-17T23:05:54.962892" elapsed="3.605054">Element '//span[@class='title desk'][contains(.,'Resumo do Pedido')]' not visible after 3 seconds.</status>
</kw>
<kw name="E digitar as informacoes do cartao" owner="CheckoutPage">
<status status="NOT RUN" start="2024-04-17T23:05:58.568485" elapsed="0.000087"/>
</kw>
<kw name="E clicar em Finalizar Compra" owner="CheckoutPage">
<status status="NOT RUN" start="2024-04-17T23:05:58.568878" elapsed="0.000047"/>
</kw>
<kw name="Entao mensagem Pronto! Já recebemos o seu pedido. é exibida" owner="CheckoutPage" source_name="Entao mensagem ${MENSAGEM_PEDIDO_RECEBIDO} é exibida">
<status status="NOT RUN" start="2024-04-17T23:05:58.569321" elapsed="0.000053"/>
</kw>
<kw name="Fechar o navegador" owner="OpenBrowser" type="TEARDOWN">
<kw name="Close Browser" owner="SeleniumLibrary">
<doc>Closes the current browser.</doc>
<status status="PASS" start="2024-04-17T23:05:58.570348" elapsed="0.524049"/>
</kw>
<status status="PASS" start="2024-04-17T23:05:58.569915" elapsed="0.525334"/>
</kw>
<doc>Realizada a venda de um produto nao configuravel com metodo de pagamento Cartao de Credito.</doc>
<tag>VendaCartaoCredito</tag>
<status status="FAIL" start="2024-04-17T23:05:15.486166" elapsed="43.609307">Element '//span[@class='title desk'][contains(.,'Resumo do Pedido')]' not visible after 3 seconds.</status>
</test>
<doc>TESTE AUTOMATIZADO PARA VALIDAR O FLUXO DE VENDA NO PORTAL DA BARTOFIL B2B</doc>
<status status="FAIL" start="2024-04-17T23:05:15.122915" elapsed="43.973580"/>
</suite>
<status status="FAIL" start="2024-04-17T23:05:15.085088" elapsed="44.012905"/>
</suite>
<statistics>
<total>
<stat pass="0" fail="1" skip="0">All Tests</stat>
</total>
<tag>
<stat pass="0" fail="1" skip="0">VendaCartaoCredito</stat>
</tag>
<suite>
<stat pass="0" fail="1" skip="0" id="s1" name="Tests">Tests</stat>
<stat pass="0" fail="1" skip="0" id="s1-s1" name="Venda B2B">Tests.Venda B2B</stat>
</suite>
</statistics>
<errors>
</errors>
</robot>
