<?xml version="1.0" encoding="UTF-8"?>
<robot generator="Robot 7.0 (Python 3.12.1 on darwin)" generated="2024-04-04T21:16:10.389370" rpa="false" schemaversion="5">
<suite id="s1" name="Venda B2B" source="/Users/macbook/AutomacaoWebBartofil/Tests/Venda_B2B.robot">
<test id="s1-t1" name="Venda de Produto nao configuravel com metodo de pagamento Boleto Antecipado" line="16">
<kw name="Abrir o navegador" owner="OpenBrowser" type="SETUP">
<kw name="Open Browser" owner="SeleniumLibrary">
<msg time="2024-04-04T21:16:10.718630" level="INFO">Opening browser 'chrome' to base url 'None'.</msg>
<arg>browser=${BROWSER}</arg>
<doc>Opens a new browser instance to the optional ``url``.</doc>
<status status="PASS" start="2024-04-04T21:16:10.718258" elapsed="2.507169"/>
</kw>
<kw name="Maximize Browser Window" owner="SeleniumLibrary">
<doc>Maximizes current browser window.</doc>
<status status="PASS" start="2024-04-04T21:16:13.226546" elapsed="0.415898"/>
</kw>
<status status="PASS" start="2024-04-04T21:16:10.717044" elapsed="2.925854"/>
</kw>
<kw name="Dado que acesso o site do parceiro Bartofil" owner="HomePage">
<kw name="Go To" owner="SeleniumLibrary">
<msg time="2024-04-04T21:16:13.644834" level="INFO">Opening url 'https://mcstaging.bartofil.com.br/'</msg>
<arg>${URL_BARTOFIL}</arg>
<doc>Navigates the current browser window to the provided ``url``.</doc>
<status status="PASS" start="2024-04-04T21:16:13.644385" elapsed="1.808396"/>
</kw>
<kw name="Wait Until Element Is Visible" owner="SeleniumLibrary">
<arg>${HOME_BUTTON_PERMITIRCOOKIES}</arg>
<arg>5s</arg>
<doc>Waits until the element ``locator`` is visible.</doc>
<status status="PASS" start="2024-04-04T21:16:15.455869" elapsed="1.717026"/>
</kw>
<kw name="Click Button" owner="SeleniumLibrary">
<msg time="2024-04-04T21:16:17.174237" level="INFO">Clicking button '//button[@class='action allow primary']'.</msg>
<arg>${HOME_BUTTON_PERMITIRCOOKIES}</arg>
<doc>Clicks the button identified by ``locator``.</doc>
<status status="PASS" start="2024-04-04T21:16:17.173527" elapsed="1.926892"/>
</kw>
<status status="PASS" start="2024-04-04T21:16:13.643735" elapsed="5.456917"/>
</kw>
<kw name="E realizo o login com sucesso" owner="HomePage">
<kw name="Quando clicar em Olá! Entre ou cadastra-se" owner="HomePage">
<kw name="Click Element" owner="SeleniumLibrary">
<msg time="2024-04-04T21:16:19.103032" level="INFO">Clicking element '(//a[contains(@class,'customer-login-link')])[1]'.</msg>
<arg>${HOME_LINK_CUSTOMERLOGIN}</arg>
<doc>Click the element identified by ``locator``.</doc>
<status status="PASS" start="2024-04-04T21:16:19.102410" elapsed="0.208329"/>
</kw>
<kw name="Wait Until Element Is Visible" owner="SeleniumLibrary">
<arg>${HOME_MODALTITLE_JASOUCLIENTE}</arg>
<arg>5s</arg>
<doc>Waits until the element ``locator`` is visible.</doc>
<status status="PASS" start="2024-04-04T21:16:19.311208" elapsed="0.134959"/>
</kw>
<status status="PASS" start="2024-04-04T21:16:19.101821" elapsed="0.344583"/>
</kw>
<kw name="E preencher login e senha" owner="HomePage">
<kw name="Input Text" owner="SeleniumLibrary">
<msg time="2024-04-04T21:16:19.448125" level="INFO">Typing text '04746914000157' into text field '//input[@placeholder='CPF/CNPJ']'.</msg>
<arg>${HOME_INPUT_USERNAME}</arg>
<arg>${CNPJ_EMPRESA_APROVADA}</arg>
<doc>Types the given ``text`` into the text field identified by ``locator``.</doc>
<status status="PASS" start="2024-04-04T21:16:19.447328" elapsed="0.986018"/>
</kw>
<kw name="Input Password" owner="SeleniumLibrary">
<msg time="2024-04-04T21:16:20.434392" level="INFO">Typing password into text field '//input[contains(@title,'Senha')]'.</msg>
<msg time="2024-04-04T21:16:20.496502" level="INFO">Temporally setting log level to: NONE</msg>
<arg>${HOME_INPUT_PASSWORD}</arg>
<arg>${PASSWORD}</arg>
<doc>Types the given password into the text field identified by ``locator``.</doc>
<status status="PASS" start="2024-04-04T21:16:20.433771" elapsed="0.189574"/>
</kw>
<status status="PASS" start="2024-04-04T21:16:19.446784" elapsed="1.176774"/>
</kw>
<kw name="E clicar em Entrar" owner="HomePage">
<kw name="Click Button" owner="SeleniumLibrary">
<msg time="2024-04-04T21:16:20.624871" level="INFO">Clicking button '//button[@class='action login primary']'.</msg>
<arg>${HOME_BUTTON_LOGIN}</arg>
<doc>Clicks the button identified by ``locator``.</doc>
<status status="PASS" start="2024-04-04T21:16:20.624449" elapsed="0.239522"/>
</kw>
<status status="PASS" start="2024-04-04T21:16:20.623902" elapsed="0.240326"/>
</kw>
<kw name="Então o Minha Conta será exibido no header" owner="HomePage">
<kw name="Wait Until Element Is Visible" owner="SeleniumLibrary">
<arg>${HOME_HEADER_MINHACONTA}</arg>
<arg>5s</arg>
<doc>Waits until the element ``locator`` is visible.</doc>
<status status="PASS" start="2024-04-04T21:16:20.865738" elapsed="4.238906"/>
</kw>
<status status="PASS" start="2024-04-04T21:16:20.864707" elapsed="4.240140"/>
</kw>
<status status="PASS" start="2024-04-04T21:16:19.101131" elapsed="6.004179"/>
</kw>
<kw name="Quando pesquisar o produto com SKU 108384" owner="HomePage" source_name="Quando pesquisar o produto com SKU ${SKU}">
<kw name="Input Text" owner="SeleniumLibrary">
<msg time="2024-04-04T21:16:25.108328" level="INFO">Typing text '108384' into text field '//input[@name='q']'.</msg>
<arg>${HOME_INPUT_BUSCAPRODUTO}</arg>
<arg>${SKU}</arg>
<doc>Types the given ``text`` into the text field identified by ``locator``.</doc>
<status status="PASS" start="2024-04-04T21:16:25.107066" elapsed="2.423569"/>
</kw>
<kw name="Wait Until Element Is Visible" owner="SeleniumLibrary">
<arg>${HOME_GRID_RESULTADOPRODUTO}</arg>
<arg>10s</arg>
<doc>Waits until the element ``locator`` is visible.</doc>
<status status="PASS" start="2024-04-04T21:16:27.531047" elapsed="3.059429"/>
</kw>
<kw name="Sleep" owner="BuiltIn">
<msg time="2024-04-04T21:16:33.591447" level="INFO">Slept 3 seconds.</msg>
<arg>3s</arg>
<doc>Pauses the test executed for the given time.</doc>
<status status="PASS" start="2024-04-04T21:16:30.590924" elapsed="3.000687"/>
</kw>
<kw name="Click Element" owner="SeleniumLibrary">
<msg time="2024-04-04T21:16:33.592409" level="INFO">Clicking element '//img[contains(@class,'ProductImage-sc-r6p7z fITroU')]'.</msg>
<arg>${HOME_GRID_RESULTADOPRODUTO}</arg>
<doc>Click the element identified by ``locator``.</doc>
<status status="PASS" start="2024-04-04T21:16:33.592057" elapsed="2.624411"/>
</kw>
<status status="PASS" start="2024-04-04T21:16:25.106008" elapsed="11.110882"/>
</kw>
<kw name="E validar tela de PDP" owner="PdpPage">
<kw name="Wait Until Element Is Visible" owner="SeleniumLibrary">
<arg>${PDP_PAGETITLE_PRODUTO}</arg>
<doc>Waits until the element ``locator`` is visible.</doc>
<status status="PASS" start="2024-04-04T21:16:36.218744" elapsed="0.661586"/>
</kw>
<kw name="Wait Until Element Is Visible" owner="SeleniumLibrary">
<arg>${PDP_IMAGE_PDP}</arg>
<doc>Waits until the element ``locator`` is visible.</doc>
<status status="PASS" start="2024-04-04T21:16:36.880688" elapsed="0.672061"/>
</kw>
<kw name="Wait Until Element Is Visible" owner="SeleniumLibrary">
<arg>${PDP_ITEMPROP_SKUPRODUTO}</arg>
<doc>Waits until the element ``locator`` is visible.</doc>
<status status="PASS" start="2024-04-04T21:16:37.553000" elapsed="0.143428"/>
</kw>
<status status="PASS" start="2024-04-04T21:16:36.218029" elapsed="1.478614"/>
</kw>
<kw name="E adicionar o produto no carrinho" owner="PdpPage">
<kw name="Scroll Element Into View" owner="SeleniumLibrary">
<arg>${PDP_LABEL_DESCPRODUTO}</arg>
<doc>Scrolls the element identified by ``locator`` into view.</doc>
<status status="PASS" start="2024-04-04T21:16:37.698166" elapsed="0.337104"/>
</kw>
<for flavor="IN RANGE">
<iter>
<kw name="Click Element" owner="SeleniumLibrary">
<msg time="2024-04-04T21:16:38.036391" level="INFO">Clicking element '//button[@class='increment']'.</msg>
<arg>${PDP_BUTTON_ADICIONAR_QUANTIDADE_PRODUTO}</arg>
<doc>Click the element identified by ``locator``.</doc>
<status status="PASS" start="2024-04-04T21:16:38.036086" elapsed="0.186803"/>
</kw>
<var name="${index}">0</var>
<status status="PASS" start="2024-04-04T21:16:38.035866" elapsed="0.187139"/>
</iter>
<iter>
<kw name="Click Element" owner="SeleniumLibrary">
<msg time="2024-04-04T21:16:38.232280" level="INFO">Clicking element '//button[@class='increment']'.</msg>
<arg>${PDP_BUTTON_ADICIONAR_QUANTIDADE_PRODUTO}</arg>
<doc>Click the element identified by ``locator``.</doc>
<status status="PASS" start="2024-04-04T21:16:38.223451" elapsed="0.095658"/>
</kw>
<var name="${index}">1</var>
<status status="PASS" start="2024-04-04T21:16:38.223252" elapsed="0.096007"/>
</iter>
<iter>
<kw name="Click Element" owner="SeleniumLibrary">
<msg time="2024-04-04T21:16:38.320383" level="INFO">Clicking element '//button[@class='increment']'.</msg>
<arg>${PDP_BUTTON_ADICIONAR_QUANTIDADE_PRODUTO}</arg>
<doc>Click the element identified by ``locator``.</doc>
<status status="PASS" start="2024-04-04T21:16:38.319919" elapsed="0.075306"/>
</kw>
<var name="${index}">2</var>
<status status="PASS" start="2024-04-04T21:16:38.319612" elapsed="0.075715"/>
</iter>
<iter>
<kw name="Click Element" owner="SeleniumLibrary">
<msg time="2024-04-04T21:16:38.395962" level="INFO">Clicking element '//button[@class='increment']'.</msg>
<arg>${PDP_BUTTON_ADICIONAR_QUANTIDADE_PRODUTO}</arg>
<doc>Click the element identified by ``locator``.</doc>
<status status="PASS" start="2024-04-04T21:16:38.395683" elapsed="0.065082"/>
</kw>
<var name="${index}">3</var>
<status status="PASS" start="2024-04-04T21:16:38.395509" elapsed="0.065428"/>
</iter>
<var>${index}</var>
<value>4</value>
<status status="PASS" start="2024-04-04T21:16:38.035473" elapsed="0.425595"/>
</for>
<kw name="Click Button" owner="SeleniumLibrary">
<msg time="2024-04-04T21:16:38.461905" level="INFO">Clicking button 'product-addtocart-button'.</msg>
<arg>${PDP_BUTTON_ADDCARRINHO}</arg>
<doc>Clicks the button identified by ``locator``.</doc>
<status status="PASS" start="2024-04-04T21:16:38.461428" elapsed="0.154443"/>
</kw>
<kw name="Get Text" owner="SeleniumLibrary">
<msg time="2024-04-04T21:16:38.702000" level="INFO">${DESC_PRODUTO} = FILTRO ÓLEO CARRETA/CAMINHÃO VOLVO METAL LEVE</msg>
<var>${DESC_PRODUTO}</var>
<arg>${PDP_LABEL_NOMEPRODUTO}</arg>
<doc>Returns the text value of the element identified by ``locator``.</doc>
<status status="PASS" start="2024-04-04T21:16:38.616347" elapsed="0.085709"/>
</kw>
<kw name="Set Global Variable" owner="BuiltIn">
<msg time="2024-04-04T21:16:38.702708" level="INFO">${PDP_MENSAGEM_PRODUTOADDAOCARRINHO} = //div[@data-bind='html: $parent.prepareMessageForHtml(message.text)'][contains(.,'FILTRO ÓLEO CARRETA/CAMINHÃO VOLVO METAL LEVE')]</msg>
<arg>${PDP_MENSAGEM_PRODUTOADDAOCARRINHO}</arg>
<arg>//div[@data-bind='html: $parent.prepareMessageForHtml(message.text)'][contains(.,'${DESC_PRODUTO}')]</arg>
<doc>Makes a variable available globally in all tests and suites.</doc>
<status status="PASS" start="2024-04-04T21:16:38.702329" elapsed="0.000445"/>
</kw>
<kw name="Page Should Contain" owner="SeleniumLibrary">
<msg time="2024-04-04T21:16:38.730582" level="INFO">Current page contains text 'FILTRO ÓLEO CARRETA/CAMINHÃO VOLVO METAL LEVE'.</msg>
<arg>${DESC_PRODUTO}</arg>
<arg>${PDP_MENSAGEM_PRODUTOADDAOCARRINHO}</arg>
<doc>Verifies that current page contains ``text``.</doc>
<status status="PASS" start="2024-04-04T21:16:38.702965" elapsed="0.027730"/>
</kw>
<kw name="Wait Until Element Is Visible" owner="SeleniumLibrary">
<arg>${PDP_BUTTON_VERCARRINHO}</arg>
<doc>Waits until the element ``locator`` is visible.</doc>
<status status="PASS" start="2024-04-04T21:16:38.730939" elapsed="1.248370"/>
</kw>
<kw name="Scroll Element Into View" owner="SeleniumLibrary">
<arg>${PDP_BUTTON_VERCARRINHO}</arg>
<doc>Scrolls the element identified by ``locator`` into view.</doc>
<status status="PASS" start="2024-04-04T21:16:39.980102" elapsed="0.307153"/>
</kw>
<kw name="Click Button" owner="SeleniumLibrary">
<msg time="2024-04-04T21:16:40.288337" level="INFO">Clicking button '//button[contains(@title,'Ver Carrinho')]'.</msg>
<arg>${PDP_BUTTON_VERCARRINHO}</arg>
<doc>Clicks the button identified by ``locator``.</doc>
<status status="PASS" start="2024-04-04T21:16:40.287783" elapsed="1.986455"/>
</kw>
<kw name="Click Element" owner="SeleniumLibrary">
<msg time="2024-04-04T21:16:42.275082" level="INFO">Clicking element '//span[contains(.,'Fechar Pedido')]'.</msg>
<arg>${PDP_BUTTON_FECHARPEDIDO}</arg>
<doc>Click the element identified by ``locator``.</doc>
<status status="PASS" start="2024-04-04T21:16:42.274592" elapsed="5.475332"/>
</kw>
<kw name="Wait Until Element Is Visible" owner="SeleniumLibrary">
<arg>${CHECKOUT_BUTTON_NEXTSTEP}</arg>
<doc>Waits until the element ``locator`` is visible.</doc>
<status status="PASS" start="2024-04-04T21:16:47.750913" elapsed="0.241394"/>
</kw>
<kw name="Sleep" owner="BuiltIn">
<msg time="2024-04-04T21:16:52.993239" level="INFO">Slept 5 seconds.</msg>
<arg>5</arg>
<doc>Pauses the test executed for the given time.</doc>
<status status="PASS" start="2024-04-04T21:16:47.992658" elapsed="5.000770"/>
</kw>
<kw name="Click Element" owner="SeleniumLibrary">
<msg time="2024-04-04T21:16:52.994198" level="INFO">Clicking element '//button[@class='action primary checkout next-step-trigger']'.</msg>
<arg>${CHECKOUT_BUTTON_NEXTSTEP}</arg>
<doc>Click the element identified by ``locator``.</doc>
<status status="PASS" start="2024-04-04T21:16:52.993725" elapsed="0.115125"/>
</kw>
<kw name="Wait Until Element Is Enabled" owner="SeleniumLibrary">
<arg>//input[@data-bind='click: removeRewardPoints']</arg>
<doc>Waits until the element ``locator`` is enabled.</doc>
<status status="PASS" start="2024-04-04T21:16:53.109285" elapsed="0.062170"/>
</kw>
<status status="PASS" start="2024-04-04T21:16:37.697446" elapsed="15.474261"/>
</kw>
<kw name="E selecionar o metodo de pagamento como Boleto Antecipado" owner="CheckoutPage">
<kw name="Wait Until Element Is Visible" owner="SeleniumLibrary">
<arg>${CHECKOUT_LABEL_RESUMODOPEDIDO}</arg>
<arg>3s</arg>
<doc>Waits until the element ``locator`` is visible.</doc>
<status status="PASS" start="2024-04-04T21:16:53.173635" elapsed="0.038914"/>
</kw>
<kw name="Wait Until Element Is Visible" owner="SeleniumLibrary">
<arg>${CHECKOUT_RADIOBUTTON_BOLETOANTECIPADO}</arg>
<arg>3s</arg>
<doc>Waits until the element ``locator`` is visible.</doc>
<status status="PASS" start="2024-04-04T21:16:53.212906" elapsed="1.540034"/>
</kw>
<kw name="Scroll Element Into View" owner="SeleniumLibrary">
<arg>${CHECKOUT_RADIOBUTTON_BOLETOANTECIPADO}</arg>
<doc>Scrolls the element identified by ``locator`` into view.</doc>
<status status="PASS" start="2024-04-04T21:16:54.753780" elapsed="0.340414"/>
</kw>
<kw name="Sleep" owner="BuiltIn">
<msg time="2024-04-04T21:16:58.095074" level="INFO">Slept 3 seconds.</msg>
<arg>3</arg>
<doc>Pauses the test executed for the given time.</doc>
<status status="PASS" start="2024-04-04T21:16:55.094540" elapsed="3.000685"/>
</kw>
<status status="PASS" start="2024-04-04T21:16:53.172493" elapsed="4.922924"/>
</kw>
<kw name="E verificar o desconto de 3% do Boleto Antecipado" owner="CheckoutPage">
<kw name="Get Text" owner="SeleniumLibrary">
<msg time="2024-04-04T21:16:58.135747" level="INFO">${VALOR_ORIGINAL_PRODUTO} = R$ 433,60</msg>
<var>${VALOR_ORIGINAL_PRODUTO}</var>
<arg>${CHECKOUT_PRICE_VALORTOTALPEDIDO}</arg>
<doc>Returns the text value of the element identified by ``locator``.</doc>
<status status="PASS" start="2024-04-04T21:16:58.096700" elapsed="0.039137"/>
</kw>
<kw name="Replace String" owner="String">
<msg time="2024-04-04T21:16:58.137903" level="INFO">${VALOR_ORIGINAL_PRODUTO} =  433,60</msg>
<var>${VALOR_ORIGINAL_PRODUTO}</var>
<arg>${VALOR_ORIGINAL_PRODUTO}</arg>
<arg>R$</arg>
<arg>${EMPTY}</arg>
<doc>Replaces ``search_for`` in the given ``string`` with ``replace_with``.</doc>
<status status="PASS" start="2024-04-04T21:16:58.136182" elapsed="0.001793"/>
</kw>
<kw name="Replace String" owner="String">
<msg time="2024-04-04T21:16:58.138788" level="INFO">${VALOR_ORIGINAL_PRODUTO} =  433.60</msg>
<var>${VALOR_ORIGINAL_PRODUTO}</var>
<arg>${VALOR_ORIGINAL_PRODUTO}</arg>
<arg>,</arg>
<arg>.</arg>
<doc>Replaces ``search_for`` in the given ``string`` with ``replace_with``.</doc>
<status status="PASS" start="2024-04-04T21:16:58.138394" elapsed="0.000452"/>
</kw>
<kw name="Set Variable" owner="BuiltIn">
<msg time="2024-04-04T21:16:58.139605" level="INFO">${PERCENTUAL_DESCONTO} = 0.03</msg>
<var>${PERCENTUAL_DESCONTO}</var>
<arg>0.03</arg>
<doc>Returns the given values which can then be assigned to a variables.</doc>
<status status="PASS" start="2024-04-04T21:16:58.139296" elapsed="0.000378"/>
</kw>
<kw name="Evaluate" owner="BuiltIn">
<msg time="2024-04-04T21:16:58.140624" level="INFO">${desconto_calculado} = 13.01</msg>
<var>${desconto_calculado}</var>
<arg>round(${VALOR_ORIGINAL_PRODUTO} * ${PERCENTUAL_DESCONTO},2)</arg>
<doc>Evaluates the given expression in Python and returns the result.</doc>
<status status="PASS" start="2024-04-04T21:16:58.139986" elapsed="0.000686"/>
</kw>
<kw name="Evaluate" owner="BuiltIn">
<msg time="2024-04-04T21:16:58.141496" level="INFO">${valor_calculado} = 420.59</msg>
<var>${valor_calculado}</var>
<arg>round(${VALOR_ORIGINAL_PRODUTO} - ${desconto_calculado},2)</arg>
<doc>Evaluates the given expression in Python and returns the result.</doc>
<status status="PASS" start="2024-04-04T21:16:58.140935" elapsed="0.000655"/>
</kw>
<kw name="Convert To String" owner="BuiltIn">
<msg time="2024-04-04T21:16:58.142298" level="INFO">${valor_calculado} = 420.59</msg>
<var>${valor_calculado}</var>
<arg>${valor_calculado}</arg>
<doc>Converts the given item to a Unicode string.</doc>
<status status="PASS" start="2024-04-04T21:16:58.141926" elapsed="0.000430"/>
</kw>
<kw name="Replace String" owner="String">
<msg time="2024-04-04T21:16:58.143093" level="INFO">${valor_calculado} = 420,59</msg>
<var>${valor_calculado}</var>
<arg>${valor_calculado}</arg>
<arg>.</arg>
<arg>,</arg>
<doc>Replaces ``search_for`` in the given ``string`` with ``replace_with``.</doc>
<status status="PASS" start="2024-04-04T21:16:58.142618" elapsed="0.000526"/>
</kw>
<kw name="Click Button" owner="SeleniumLibrary">
<msg time="2024-04-04T21:16:58.143697" level="INFO">Clicking button '//input[@value='getnet_paymentmagento_boleto']'.</msg>
<arg>${CHECKOUT_RADIOBUTTON_BOLETOANTECIPADO}</arg>
<doc>Clicks the button identified by ``locator``.</doc>
<status status="PASS" start="2024-04-04T21:16:58.143368" elapsed="0.133314"/>
</kw>
<kw name="Sleep" owner="BuiltIn">
<msg time="2024-04-04T21:17:01.278751" level="INFO">Slept 3 seconds.</msg>
<arg>3</arg>
<doc>Pauses the test executed for the given time.</doc>
<status status="PASS" start="2024-04-04T21:16:58.277035" elapsed="3.001894"/>
</kw>
<kw name="Page Should Contain" owner="SeleniumLibrary">
<msg time="2024-04-04T21:17:01.308135" level="INFO">Current page contains text '420,59'.</msg>
<arg>${valor_calculado}</arg>
<doc>Verifies that current page contains ``text``.</doc>
<status status="PASS" start="2024-04-04T21:17:01.279276" elapsed="0.029013"/>
</kw>
<status status="PASS" start="2024-04-04T21:16:58.096065" elapsed="3.212405"/>
</kw>
<kw name="E clicar em Finalizar Compra" owner="CheckoutPage">
<kw name="Sleep" owner="BuiltIn">
<msg time="2024-04-04T21:17:04.310271" level="INFO">Slept 3 seconds.</msg>
<arg>3</arg>
<doc>Pauses the test executed for the given time.</doc>
<status status="PASS" start="2024-04-04T21:17:01.309784" elapsed="3.000668"/>
</kw>
<kw name="Scroll Element Into View" owner="SeleniumLibrary">
<arg>${CHECKOUT_BUTTON_FINALIZARCOMPRA}</arg>
<doc>Scrolls the element identified by ``locator`` into view.</doc>
<status status="PASS" start="2024-04-04T21:17:04.310854" elapsed="0.286319"/>
</kw>
<kw name="Click Button" owner="SeleniumLibrary">
<msg time="2024-04-04T21:17:04.598067" level="INFO">Clicking button '//button[@type='button'][contains(.,'Finalizar Compra')]'.</msg>
<arg>${CHECKOUT_BUTTON_FINALIZARCOMPRA}</arg>
<doc>Clicks the button identified by ``locator``.</doc>
<status status="PASS" start="2024-04-04T21:17:04.597593" elapsed="0.103066"/>
</kw>
<status status="PASS" start="2024-04-04T21:17:01.309222" elapsed="3.391646"/>
</kw>
<kw name="Entao mensagem Pronto! Já recebemos o seu pedido. é exibida" owner="CheckoutPage" source_name="Entao mensagem ${MENSAGEM_PEDIDO_RECEBIDO} é exibida">
<kw name="Sleep" owner="BuiltIn">
<msg time="2024-04-04T21:17:07.703394" level="INFO">Slept 3 seconds.</msg>
<arg>3</arg>
<doc>Pauses the test executed for the given time.</doc>
<status status="PASS" start="2024-04-04T21:17:04.702992" elapsed="3.000584"/>
</kw>
<kw name="Wait Until Page Contains" owner="SeleniumLibrary">
<arg>${MENSAGEM_PEDIDO_RECEBIDO}</arg>
<doc>Waits until ``text`` appears on the current page.</doc>
<status status="PASS" start="2024-04-04T21:17:07.704011" elapsed="2.511879"/>
</kw>
<status status="PASS" start="2024-04-04T21:17:04.702291" elapsed="5.513899"/>
</kw>
<kw name="Fechar o navegador" owner="OpenBrowser" type="TEARDOWN">
<kw name="Close Browser" owner="SeleniumLibrary">
<doc>Closes the current browser.</doc>
<status status="PASS" start="2024-04-04T21:17:10.217603" elapsed="0.559622"/>
</kw>
<status status="PASS" start="2024-04-04T21:17:10.217015" elapsed="0.560617"/>
</kw>
<doc>Realizada a venda de um produto nao configuravel com metodo de pagamento.
Esta sendo validado o desconto de 3% com sucesso e a conclusao do pedido para pagamento.</doc>
<tag>Venda com metodo de pagamento Boleto Antecipado</tag>
<status status="PASS" start="2024-04-04T21:16:10.716094" elapsed="60.061756"/>
</test>
<test id="s1-t2" name="Venda de Produto nao configuravel com metodo de pagamento Pix" line="30">
<kw name="Abrir o navegador" owner="OpenBrowser" type="SETUP">
<kw name="Open Browser" owner="SeleniumLibrary">
<msg time="2024-04-04T21:17:10.780189" level="INFO">Opening browser 'chrome' to base url 'None'.</msg>
<arg>browser=${BROWSER}</arg>
<doc>Opens a new browser instance to the optional ``url``.</doc>
<status status="PASS" start="2024-04-04T21:17:10.779868" elapsed="2.133404"/>
</kw>
<kw name="Maximize Browser Window" owner="SeleniumLibrary">
<doc>Maximizes current browser window.</doc>
<status status="PASS" start="2024-04-04T21:17:12.914161" elapsed="0.418445"/>
</kw>
<status status="PASS" start="2024-04-04T21:17:10.779455" elapsed="2.553433"/>
</kw>
<kw name="Dado que acesso o site do parceiro Bartofil" owner="HomePage">
<kw name="Go To" owner="SeleniumLibrary">
<msg time="2024-04-04T21:17:13.334713" level="INFO">Opening url 'https://mcstaging.bartofil.com.br/'</msg>
<arg>${URL_BARTOFIL}</arg>
<doc>Navigates the current browser window to the provided ``url``.</doc>
<status status="PASS" start="2024-04-04T21:17:13.334382" elapsed="1.470474"/>
</kw>
<kw name="Wait Until Element Is Visible" owner="SeleniumLibrary">
<arg>${HOME_BUTTON_PERMITIRCOOKIES}</arg>
<arg>5s</arg>
<doc>Waits until the element ``locator`` is visible.</doc>
<status status="PASS" start="2024-04-04T21:17:14.805530" elapsed="1.546955"/>
</kw>
<kw name="Click Button" owner="SeleniumLibrary">
<msg time="2024-04-04T21:17:16.353059" level="INFO">Clicking button '//button[@class='action allow primary']'.</msg>
<arg>${HOME_BUTTON_PERMITIRCOOKIES}</arg>
<doc>Clicks the button identified by ``locator``.</doc>
<status status="PASS" start="2024-04-04T21:17:16.352744" elapsed="0.941613"/>
</kw>
<status status="PASS" start="2024-04-04T21:17:13.333663" elapsed="3.960854"/>
</kw>
<kw name="E realizo o login com sucesso" owner="HomePage">
<kw name="Quando clicar em Olá! Entre ou cadastra-se" owner="HomePage">
<kw name="Click Element" owner="SeleniumLibrary">
<msg time="2024-04-04T21:17:17.296283" level="INFO">Clicking element '(//a[contains(@class,'customer-login-link')])[1]'.</msg>
<arg>${HOME_LINK_CUSTOMERLOGIN}</arg>
<doc>Click the element identified by ``locator``.</doc>
<status status="PASS" start="2024-04-04T21:17:17.295971" elapsed="0.378861"/>
</kw>
<kw name="Wait Until Element Is Visible" owner="SeleniumLibrary">
<arg>${HOME_MODALTITLE_JASOUCLIENTE}</arg>
<arg>5s</arg>
<doc>Waits until the element ``locator`` is visible.</doc>
<status status="PASS" start="2024-04-04T21:17:17.675091" elapsed="0.408830"/>
</kw>
<status status="PASS" start="2024-04-04T21:17:17.295596" elapsed="0.788468"/>
</kw>
<kw name="E preencher login e senha" owner="HomePage">
<kw name="Input Text" owner="SeleniumLibrary">
<msg time="2024-04-04T21:17:18.084978" level="INFO">Typing text '04746914000157' into text field '//input[@placeholder='CPF/CNPJ']'.</msg>
<arg>${HOME_INPUT_USERNAME}</arg>
<arg>${CNPJ_EMPRESA_APROVADA}</arg>
<doc>Types the given ``text`` into the text field identified by ``locator``.</doc>
<status status="PASS" start="2024-04-04T21:17:18.084676" elapsed="0.494418"/>
</kw>
<kw name="Input Password" owner="SeleniumLibrary">
<msg time="2024-04-04T21:17:18.579680" level="INFO">Typing password into text field '//input[contains(@title,'Senha')]'.</msg>
<msg time="2024-04-04T21:17:18.627472" level="INFO">Temporally setting log level to: NONE</msg>
<arg>${HOME_INPUT_PASSWORD}</arg>
<arg>${PASSWORD}</arg>
<doc>Types the given password into the text field identified by ``locator``.</doc>
<status status="PASS" start="2024-04-04T21:17:18.579347" elapsed="0.146328"/>
</kw>
<status status="PASS" start="2024-04-04T21:17:18.084319" elapsed="0.641503"/>
</kw>
<kw name="E clicar em Entrar" owner="HomePage">
<kw name="Click Button" owner="SeleniumLibrary">
<msg time="2024-04-04T21:17:18.726729" level="INFO">Clicking button '//button[@class='action login primary']'.</msg>
<arg>${HOME_BUTTON_LOGIN}</arg>
<doc>Clicks the button identified by ``locator``.</doc>
<status status="PASS" start="2024-04-04T21:17:18.726452" elapsed="0.142704"/>
</kw>
<status status="PASS" start="2024-04-04T21:17:18.726087" elapsed="0.143425"/>
</kw>
<kw name="Então o Minha Conta será exibido no header" owner="HomePage">
<kw name="Wait Until Element Is Visible" owner="SeleniumLibrary">
<arg>${HOME_HEADER_MINHACONTA}</arg>
<arg>5s</arg>
<doc>Waits until the element ``locator`` is visible.</doc>
<status status="PASS" start="2024-04-04T21:17:18.871535" elapsed="3.793782"/>
</kw>
<status status="PASS" start="2024-04-04T21:17:18.870139" elapsed="3.795426"/>
</kw>
<status status="PASS" start="2024-04-04T21:17:17.295137" elapsed="5.370719"/>
</kw>
<kw name="Quando pesquisar o produto com SKU 108384" owner="HomePage" source_name="Quando pesquisar o produto com SKU ${SKU}">
<kw name="Input Text" owner="SeleniumLibrary">
<msg time="2024-04-04T21:17:22.667914" level="INFO">Typing text '108384' into text field '//input[@name='q']'.</msg>
<arg>${HOME_INPUT_BUSCAPRODUTO}</arg>
<arg>${SKU}</arg>
<doc>Types the given ``text`` into the text field identified by ``locator``.</doc>
<status status="PASS" start="2024-04-04T21:17:22.667437" elapsed="2.057618"/>
</kw>
<kw name="Wait Until Element Is Visible" owner="SeleniumLibrary">
<arg>${HOME_GRID_RESULTADOPRODUTO}</arg>
<arg>10s</arg>
<doc>Waits until the element ``locator`` is visible.</doc>
<status status="PASS" start="2024-04-04T21:17:24.725337" elapsed="1.130514"/>
</kw>
<kw name="Sleep" owner="BuiltIn">
<msg time="2024-04-04T21:17:28.857789" level="INFO">Slept 3 seconds.</msg>
<arg>3s</arg>
<doc>Pauses the test executed for the given time.</doc>
<status status="PASS" start="2024-04-04T21:17:25.856123" elapsed="3.001917"/>
</kw>
<kw name="Click Element" owner="SeleniumLibrary">
<msg time="2024-04-04T21:17:28.859111" level="INFO">Clicking element '//img[contains(@class,'ProductImage-sc-r6p7z fITroU')]'.</msg>
<arg>${HOME_GRID_RESULTADOPRODUTO}</arg>
<doc>Click the element identified by ``locator``.</doc>
<status status="PASS" start="2024-04-04T21:17:28.858513" elapsed="2.152151"/>
</kw>
<status status="PASS" start="2024-04-04T21:17:22.666647" elapsed="8.344256"/>
</kw>
<kw name="E validar tela de PDP" owner="PdpPage">
<kw name="Wait Until Element Is Visible" owner="SeleniumLibrary">
<arg>${PDP_PAGETITLE_PRODUTO}</arg>
<doc>Waits until the element ``locator`` is visible.</doc>
<status status="PASS" start="2024-04-04T21:17:31.012527" elapsed="0.518754"/>
</kw>
<kw name="Wait Until Element Is Visible" owner="SeleniumLibrary">
<arg>${PDP_IMAGE_PDP}</arg>
<doc>Waits until the element ``locator`` is visible.</doc>
<status status="PASS" start="2024-04-04T21:17:31.531655" elapsed="0.619611"/>
</kw>
<kw name="Wait Until Element Is Visible" owner="SeleniumLibrary">
<arg>${PDP_ITEMPROP_SKUPRODUTO}</arg>
<doc>Waits until the element ``locator`` is visible.</doc>
<status status="PASS" start="2024-04-04T21:17:32.151611" elapsed="0.038441"/>
</kw>
<status status="PASS" start="2024-04-04T21:17:31.011484" elapsed="1.178711"/>
</kw>
<kw name="E adicionar o produto no carrinho" owner="PdpPage">
<kw name="Scroll Element Into View" owner="SeleniumLibrary">
<arg>${PDP_LABEL_DESCPRODUTO}</arg>
<doc>Scrolls the element identified by ``locator`` into view.</doc>
<status status="PASS" start="2024-04-04T21:17:32.191082" elapsed="0.308247"/>
</kw>
<for flavor="IN RANGE">
<iter>
<kw name="Click Element" owner="SeleniumLibrary">
<msg time="2024-04-04T21:17:32.501221" level="INFO">Clicking element '//button[@class='increment']'.</msg>
<arg>${PDP_BUTTON_ADICIONAR_QUANTIDADE_PRODUTO}</arg>
<doc>Click the element identified by ``locator``.</doc>
<status status="PASS" start="2024-04-04T21:17:32.500689" elapsed="0.173457"/>
</kw>
<var name="${index}">0</var>
<status status="PASS" start="2024-04-04T21:17:32.500332" elapsed="0.173921"/>
</iter>
<iter>
<kw name="Click Element" owner="SeleniumLibrary">
<msg time="2024-04-04T21:17:32.674970" level="INFO">Clicking element '//button[@class='increment']'.</msg>
<arg>${PDP_BUTTON_ADICIONAR_QUANTIDADE_PRODUTO}</arg>
<doc>Click the element identified by ``locator``.</doc>
<status status="PASS" start="2024-04-04T21:17:32.674666" elapsed="0.132867"/>
</kw>
<var name="${index}">1</var>
<status status="PASS" start="2024-04-04T21:17:32.674455" elapsed="0.133177"/>
</iter>
<iter>
<kw name="Click Element" owner="SeleniumLibrary">
<msg time="2024-04-04T21:17:32.808310" level="INFO">Clicking element '//button[@class='increment']'.</msg>
<arg>${PDP_BUTTON_ADICIONAR_QUANTIDADE_PRODUTO}</arg>
<doc>Click the element identified by ``locator``.</doc>
<status status="PASS" start="2024-04-04T21:17:32.807982" elapsed="0.068981"/>
</kw>
<var name="${index}">2</var>
<status status="PASS" start="2024-04-04T21:17:32.807817" elapsed="0.069258"/>
</iter>
<iter>
<kw name="Click Element" owner="SeleniumLibrary">
<msg time="2024-04-04T21:17:32.877777" level="INFO">Clicking element '//button[@class='increment']'.</msg>
<arg>${PDP_BUTTON_ADICIONAR_QUANTIDADE_PRODUTO}</arg>
<doc>Click the element identified by ``locator``.</doc>
<status status="PASS" start="2024-04-04T21:17:32.877499" elapsed="0.063353"/>
</kw>
<var name="${index}">3</var>
<status status="PASS" start="2024-04-04T21:17:32.877322" elapsed="0.063635"/>
</iter>
<var>${index}</var>
<value>4</value>
<status status="PASS" start="2024-04-04T21:17:32.499677" elapsed="0.441359"/>
</for>
<kw name="Click Button" owner="SeleniumLibrary">
<msg time="2024-04-04T21:17:32.941556" level="INFO">Clicking button 'product-addtocart-button'.</msg>
<arg>${PDP_BUTTON_ADDCARRINHO}</arg>
<doc>Clicks the button identified by ``locator``.</doc>
<status status="PASS" start="2024-04-04T21:17:32.941276" elapsed="0.166716"/>
</kw>
<kw name="Get Text" owner="SeleniumLibrary">
<msg time="2024-04-04T21:17:33.192094" level="INFO">${DESC_PRODUTO} = FILTRO ÓLEO CARRETA/CAMINHÃO VOLVO METAL LEVE</msg>
<var>${DESC_PRODUTO}</var>
<arg>${PDP_LABEL_NOMEPRODUTO}</arg>
<doc>Returns the text value of the element identified by ``locator``.</doc>
<status status="PASS" start="2024-04-04T21:17:33.108266" elapsed="0.083890"/>
</kw>
<kw name="Set Global Variable" owner="BuiltIn">
<msg time="2024-04-04T21:17:33.192859" level="INFO">${PDP_MENSAGEM_PRODUTOADDAOCARRINHO} = //div[@data-bind='html: $parent.prepareMessageForHtml(message.text)'][contains(.,'FILTRO ÓLEO CARRETA/CAMINHÃO VOLVO METAL LEVE')]</msg>
<arg>${PDP_MENSAGEM_PRODUTOADDAOCARRINHO}</arg>
<arg>//div[@data-bind='html: $parent.prepareMessageForHtml(message.text)'][contains(.,'${DESC_PRODUTO}')]</arg>
<doc>Makes a variable available globally in all tests and suites.</doc>
<status status="PASS" start="2024-04-04T21:17:33.192452" elapsed="0.000482"/>
</kw>
<kw name="Page Should Contain" owner="SeleniumLibrary">
<msg time="2024-04-04T21:17:33.231463" level="INFO">Current page contains text 'FILTRO ÓLEO CARRETA/CAMINHÃO VOLVO METAL LEVE'.</msg>
<arg>${DESC_PRODUTO}</arg>
<arg>${PDP_MENSAGEM_PRODUTOADDAOCARRINHO}</arg>
<doc>Verifies that current page contains ``text``.</doc>
<status status="PASS" start="2024-04-04T21:17:33.193155" elapsed="0.038414"/>
</kw>
<kw name="Wait Until Element Is Visible" owner="SeleniumLibrary">
<arg>${PDP_BUTTON_VERCARRINHO}</arg>
<doc>Waits until the element ``locator`` is visible.</doc>
<status status="PASS" start="2024-04-04T21:17:33.231887" elapsed="1.203611"/>
</kw>
<kw name="Scroll Element Into View" owner="SeleniumLibrary">
<arg>${PDP_BUTTON_VERCARRINHO}</arg>
<doc>Scrolls the element identified by ``locator`` into view.</doc>
<status status="PASS" start="2024-04-04T21:17:34.435761" elapsed="0.285152"/>
</kw>
<kw name="Click Button" owner="SeleniumLibrary">
<msg time="2024-04-04T21:17:34.721872" level="INFO">Clicking button '//button[contains(@title,'Ver Carrinho')]'.</msg>
<arg>${PDP_BUTTON_VERCARRINHO}</arg>
<doc>Clicks the button identified by ``locator``.</doc>
<status status="PASS" start="2024-04-04T21:17:34.721433" elapsed="1.661646"/>
</kw>
<kw name="Click Element" owner="SeleniumLibrary">
<msg time="2024-04-04T21:17:36.384394" level="INFO">Clicking element '//span[contains(.,'Fechar Pedido')]'.</msg>
<arg>${PDP_BUTTON_FECHARPEDIDO}</arg>
<doc>Click the element identified by ``locator``.</doc>
<status status="PASS" start="2024-04-04T21:17:36.383340" elapsed="3.168286"/>
</kw>
<kw name="Wait Until Element Is Visible" owner="SeleniumLibrary">
<arg>${CHECKOUT_BUTTON_NEXTSTEP}</arg>
<doc>Waits until the element ``locator`` is visible.</doc>
<status status="PASS" start="2024-04-04T21:17:39.552065" elapsed="1.811660"/>
</kw>
<kw name="Sleep" owner="BuiltIn">
<msg time="2024-04-04T21:17:46.364838" level="INFO">Slept 5 seconds.</msg>
<arg>5</arg>
<doc>Pauses the test executed for the given time.</doc>
<status status="PASS" start="2024-04-04T21:17:41.364224" elapsed="5.000823"/>
</kw>
<kw name="Click Element" owner="SeleniumLibrary">
<msg time="2024-04-04T21:17:46.366120" level="INFO">Clicking element '//button[@class='action primary checkout next-step-trigger']'.</msg>
<arg>${CHECKOUT_BUTTON_NEXTSTEP}</arg>
<doc>Click the element identified by ``locator``.</doc>
<status status="PASS" start="2024-04-04T21:17:46.365504" elapsed="0.110244"/>
</kw>
<kw name="Wait Until Element Is Enabled" owner="SeleniumLibrary">
<arg>//input[@data-bind='click: removeRewardPoints']</arg>
<doc>Waits until the element ``locator`` is enabled.</doc>
<status status="PASS" start="2024-04-04T21:17:46.476007" elapsed="0.051571"/>
</kw>
<status status="PASS" start="2024-04-04T21:17:32.190695" elapsed="14.337048"/>
</kw>
<kw name="E selecionar o metodo de pagamento como Pix" owner="CheckoutPage">
<kw name="Wait Until Element Is Visible" owner="SeleniumLibrary">
<arg>${CHECKOUT_LABEL_RESUMODOPEDIDO}</arg>
<arg>3s</arg>
<doc>Waits until the element ``locator`` is visible.</doc>
<status status="PASS" start="2024-04-04T21:17:46.528622" elapsed="0.039495"/>
</kw>
<kw name="Wait Until Element Is Visible" owner="SeleniumLibrary">
<arg>${CHECKOUT_RADIOBUTTON_PIX}</arg>
<arg>3s</arg>
<doc>Waits until the element ``locator`` is visible.</doc>
<status status="PASS" start="2024-04-04T21:17:46.568514" elapsed="1.765759"/>
</kw>
<kw name="Scroll Element Into View" owner="SeleniumLibrary">
<arg>${CHECKOUT_RADIOBUTTON_PIX}</arg>
<doc>Scrolls the element identified by ``locator`` into view.</doc>
<status status="PASS" start="2024-04-04T21:17:48.334686" elapsed="0.324427"/>
</kw>
<kw name="Sleep" owner="BuiltIn">
<msg time="2024-04-04T21:17:51.660104" level="INFO">Slept 3 seconds.</msg>
<arg>3</arg>
<doc>Pauses the test executed for the given time.</doc>
<status status="PASS" start="2024-04-04T21:17:48.659514" elapsed="3.000784"/>
</kw>
<status status="PASS" start="2024-04-04T21:17:46.528200" elapsed="5.132311"/>
</kw>
<kw name="E verificar o desconto de 3% do Pix" owner="CheckoutPage">
<kw name="Get Text" owner="SeleniumLibrary">
<msg time="2024-04-04T21:17:51.689015" level="INFO">${VALOR_ORIGINAL_PRODUTO} = R$ 216,80</msg>
<var>${VALOR_ORIGINAL_PRODUTO}</var>
<arg>${CHECKOUT_PRICE_VALORTOTALPEDIDO}</arg>
<doc>Returns the text value of the element identified by ``locator``.</doc>
<status status="PASS" start="2024-04-04T21:17:51.661697" elapsed="0.027379"/>
</kw>
<kw name="Replace String" owner="String">
<msg time="2024-04-04T21:17:51.690755" level="INFO">${VALOR_ORIGINAL_PRODUTO} =  216,80</msg>
<var>${VALOR_ORIGINAL_PRODUTO}</var>
<arg>${VALOR_ORIGINAL_PRODUTO}</arg>
<arg>R$</arg>
<arg>${EMPTY}</arg>
<doc>Replaces ``search_for`` in the given ``string`` with ``replace_with``.</doc>
<status status="PASS" start="2024-04-04T21:17:51.689337" elapsed="0.001475"/>
</kw>
<kw name="Replace String" owner="String">
<msg time="2024-04-04T21:17:51.691543" level="INFO">${VALOR_ORIGINAL_PRODUTO} =  216.80</msg>
<var>${VALOR_ORIGINAL_PRODUTO}</var>
<arg>${VALOR_ORIGINAL_PRODUTO}</arg>
<arg>,</arg>
<arg>.</arg>
<doc>Replaces ``search_for`` in the given ``string`` with ``replace_with``.</doc>
<status status="PASS" start="2024-04-04T21:17:51.691080" elapsed="0.000511"/>
</kw>
<kw name="Set Variable" owner="BuiltIn">
<msg time="2024-04-04T21:17:51.692109" level="INFO">${PERCENTUAL_DESCONTO} = 0.03</msg>
<var>${PERCENTUAL_DESCONTO}</var>
<arg>0.03</arg>
<doc>Returns the given values which can then be assigned to a variables.</doc>
<status status="PASS" start="2024-04-04T21:17:51.691814" elapsed="0.000342"/>
</kw>
<kw name="Evaluate" owner="BuiltIn">
<msg time="2024-04-04T21:17:51.692944" level="INFO">${desconto_calculado} = 6.5</msg>
<var>${desconto_calculado}</var>
<arg>round(${VALOR_ORIGINAL_PRODUTO} * ${PERCENTUAL_DESCONTO},2)</arg>
<doc>Evaluates the given expression in Python and returns the result.</doc>
<status status="PASS" start="2024-04-04T21:17:51.692440" elapsed="0.000549"/>
</kw>
<kw name="Evaluate" owner="BuiltIn">
<msg time="2024-04-04T21:17:51.693879" level="INFO">${valor_calculado} = 210.3</msg>
<var>${valor_calculado}</var>
<arg>round(${VALOR_ORIGINAL_PRODUTO} - ${desconto_calculado},2)</arg>
<doc>Evaluates the given expression in Python and returns the result.</doc>
<status status="PASS" start="2024-04-04T21:17:51.693324" elapsed="0.000605"/>
</kw>
<kw name="Convert To String" owner="BuiltIn">
<msg time="2024-04-04T21:17:51.694596" level="INFO">${valor_calculado} = 210.3</msg>
<var>${valor_calculado}</var>
<arg>${valor_calculado}</arg>
<doc>Converts the given item to a Unicode string.</doc>
<status status="PASS" start="2024-04-04T21:17:51.694187" elapsed="0.000470"/>
</kw>
<kw name="Replace String" owner="String">
<msg time="2024-04-04T21:17:51.695359" level="INFO">${valor_calculado} = 210,3</msg>
<var>${valor_calculado}</var>
<arg>${valor_calculado}</arg>
<arg>.</arg>
<arg>,</arg>
<doc>Replaces ``search_for`` in the given ``string`` with ``replace_with``.</doc>
<status status="PASS" start="2024-04-04T21:17:51.694948" elapsed="0.000464"/>
</kw>
<kw name="Click Button" owner="SeleniumLibrary">
<msg time="2024-04-04T21:17:51.696101" level="INFO">Clicking button 'getnet_paymentmagento_pix'.</msg>
<arg>${CHECKOUT_RADIOBUTTON_PIX}</arg>
<doc>Clicks the button identified by ``locator``.</doc>
<status status="PASS" start="2024-04-04T21:17:51.695738" elapsed="0.114642"/>
</kw>
<kw name="Sleep" owner="BuiltIn">
<msg time="2024-04-04T21:17:54.811647" level="INFO">Slept 3 seconds.</msg>
<arg>3</arg>
<doc>Pauses the test executed for the given time.</doc>
<status status="PASS" start="2024-04-04T21:17:51.810739" elapsed="3.001091"/>
</kw>
<kw name="Page Should Contain" owner="SeleniumLibrary">
<msg time="2024-04-04T21:17:54.839155" level="INFO">Current page contains text '210,3'.</msg>
<arg>${valor_calculado}</arg>
<doc>Verifies that current page contains ``text``.</doc>
<status status="PASS" start="2024-04-04T21:17:54.812195" elapsed="0.027127"/>
</kw>
<status status="PASS" start="2024-04-04T21:17:51.661124" elapsed="3.178370"/>
</kw>
<kw name="Fechar o navegador" owner="OpenBrowser" type="TEARDOWN">
<kw name="Close Browser" owner="SeleniumLibrary">
<doc>Closes the current browser.</doc>
<status status="PASS" start="2024-04-04T21:17:54.840759" elapsed="0.587517"/>
</kw>
<status status="PASS" start="2024-04-04T21:17:54.840262" elapsed="0.588316"/>
</kw>
<doc>Realizada a venda de um produto nao configuravel com metodo de pagamento Pix, onde o teste foi encerrado na validacao do desconto de 3%.
Porque esta retornando erro no servidor da getnet devido a falta da instituicao finaceira nao esta configurada</doc>
<tag>PedidoMetodoPix</tag>
<status status="PASS" start="2024-04-04T21:17:10.778393" elapsed="44.650542"/>
</test>
<test id="s1-t3" name="Venda de Produto nao configuravel com metodo de pagamento Cartao de Credito" line="42">
<kw name="Abrir o navegador" owner="OpenBrowser" type="SETUP">
<kw name="Open Browser" owner="SeleniumLibrary">
<msg time="2024-04-04T21:17:55.430861" level="INFO">Opening browser 'chrome' to base url 'None'.</msg>
<arg>browser=${BROWSER}</arg>
<doc>Opens a new browser instance to the optional ``url``.</doc>
<status status="PASS" start="2024-04-04T21:17:55.430583" elapsed="2.120792"/>
</kw>
<kw name="Maximize Browser Window" owner="SeleniumLibrary">
<doc>Maximizes current browser window.</doc>
<status status="PASS" start="2024-04-04T21:17:57.552326" elapsed="0.415946"/>
</kw>
<status status="PASS" start="2024-04-04T21:17:55.430182" elapsed="2.538977"/>
</kw>
<kw name="Dado que acesso o site do parceiro Bartofil" owner="HomePage">
<kw name="Go To" owner="SeleniumLibrary">
<msg time="2024-04-04T21:17:57.972086" level="INFO">Opening url 'https://mcstaging.bartofil.com.br/'</msg>
<arg>${URL_BARTOFIL}</arg>
<doc>Navigates the current browser window to the provided ``url``.</doc>
<status status="PASS" start="2024-04-04T21:17:57.971460" elapsed="1.613731"/>
</kw>
<kw name="Wait Until Element Is Visible" owner="SeleniumLibrary">
<arg>${HOME_BUTTON_PERMITIRCOOKIES}</arg>
<arg>5s</arg>
<doc>Waits until the element ``locator`` is visible.</doc>
<status status="PASS" start="2024-04-04T21:17:59.585479" elapsed="0.776203"/>
</kw>
<kw name="Click Button" owner="SeleniumLibrary">
<msg time="2024-04-04T21:18:00.362686" level="INFO">Clicking button '//button[@class='action allow primary']'.</msg>
<arg>${HOME_BUTTON_PERMITIRCOOKIES}</arg>
<doc>Clicks the button identified by ``locator``.</doc>
<status status="PASS" start="2024-04-04T21:18:00.362080" elapsed="2.047095"/>
</kw>
<status status="PASS" start="2024-04-04T21:17:57.970216" elapsed="4.440048"/>
</kw>
<kw name="E realizo o login com sucesso" owner="HomePage">
<kw name="Quando clicar em Olá! Entre ou cadastra-se" owner="HomePage">
<kw name="Click Element" owner="SeleniumLibrary">
<msg time="2024-04-04T21:18:02.414288" level="INFO">Clicking element '(//a[contains(@class,'customer-login-link')])[1]'.</msg>
<arg>${HOME_LINK_CUSTOMERLOGIN}</arg>
<doc>Click the element identified by ``locator``.</doc>
<status status="PASS" start="2024-04-04T21:18:02.413542" elapsed="0.195731"/>
</kw>
<kw name="Wait Until Element Is Visible" owner="SeleniumLibrary">
<arg>${HOME_MODALTITLE_JASOUCLIENTE}</arg>
<arg>5s</arg>
<doc>Waits until the element ``locator`` is visible.</doc>
<status status="PASS" start="2024-04-04T21:18:02.609642" elapsed="0.301650"/>
</kw>
<status status="PASS" start="2024-04-04T21:18:02.411708" elapsed="0.499826"/>
</kw>
<kw name="E preencher login e senha" owner="HomePage">
<kw name="Input Text" owner="SeleniumLibrary">
<msg time="2024-04-04T21:18:02.913346" level="INFO">Typing text '04746914000157' into text field '//input[@placeholder='CPF/CNPJ']'.</msg>
<arg>${HOME_INPUT_USERNAME}</arg>
<arg>${CNPJ_EMPRESA_APROVADA}</arg>
<doc>Types the given ``text`` into the text field identified by ``locator``.</doc>
<status status="PASS" start="2024-04-04T21:18:02.912685" elapsed="0.723183"/>
</kw>
<kw name="Input Password" owner="SeleniumLibrary">
<msg time="2024-04-04T21:18:03.636681" level="INFO">Typing password into text field '//input[contains(@title,'Senha')]'.</msg>
<msg time="2024-04-04T21:18:03.691343" level="INFO">Temporally setting log level to: NONE</msg>
<arg>${HOME_INPUT_PASSWORD}</arg>
<arg>${PASSWORD}</arg>
<doc>Types the given password into the text field identified by ``locator``.</doc>
<status status="PASS" start="2024-04-04T21:18:03.636203" elapsed="0.150058"/>
</kw>
<status status="PASS" start="2024-04-04T21:18:02.911962" elapsed="0.874449"/>
</kw>
<kw name="E clicar em Entrar" owner="HomePage">
<kw name="Click Button" owner="SeleniumLibrary">
<msg time="2024-04-04T21:18:03.787253" level="INFO">Clicking button '//button[@class='action login primary']'.</msg>
<arg>${HOME_BUTTON_LOGIN}</arg>
<doc>Clicks the button identified by ``locator``.</doc>
<status status="PASS" start="2024-04-04T21:18:03.786996" elapsed="0.141407"/>
</kw>
<status status="PASS" start="2024-04-04T21:18:03.786648" elapsed="0.142130"/>
</kw>
<kw name="Então o Minha Conta será exibido no header" owner="HomePage">
<kw name="Wait Until Element Is Visible" owner="SeleniumLibrary">
<arg>${HOME_HEADER_MINHACONTA}</arg>
<arg>5s</arg>
<doc>Waits until the element ``locator`` is visible.</doc>
<status status="PASS" start="2024-04-04T21:18:03.930607" elapsed="3.300267"/>
</kw>
<status status="PASS" start="2024-04-04T21:18:03.929621" elapsed="3.301424"/>
</kw>
<status status="PASS" start="2024-04-04T21:18:02.410886" elapsed="4.820252"/>
</kw>
<kw name="Quando pesquisar o produto com SKU 108384" owner="HomePage" source_name="Quando pesquisar o produto com SKU ${SKU}">
<kw name="Input Text" owner="SeleniumLibrary">
<msg time="2024-04-04T21:18:07.234020" level="INFO">Typing text '108384' into text field '//input[@name='q']'.</msg>
<arg>${HOME_INPUT_BUSCAPRODUTO}</arg>
<arg>${SKU}</arg>
<doc>Types the given ``text`` into the text field identified by ``locator``.</doc>
<status status="PASS" start="2024-04-04T21:18:07.233496" elapsed="1.500905"/>
</kw>
<kw name="Wait Until Element Is Visible" owner="SeleniumLibrary">
<arg>${HOME_GRID_RESULTADOPRODUTO}</arg>
<arg>10s</arg>
<doc>Waits until the element ``locator`` is visible.</doc>
<status status="PASS" start="2024-04-04T21:18:08.734683" elapsed="1.160792"/>
</kw>
<kw name="Sleep" owner="BuiltIn">
<msg time="2024-04-04T21:18:12.896064" level="INFO">Slept 3 seconds.</msg>
<arg>3s</arg>
<doc>Pauses the test executed for the given time.</doc>
<status status="PASS" start="2024-04-04T21:18:09.895728" elapsed="3.000569"/>
</kw>
<kw name="Click Element" owner="SeleniumLibrary">
<msg time="2024-04-04T21:18:12.897381" level="INFO">Clicking element '//img[contains(@class,'ProductImage-sc-r6p7z fITroU')]'.</msg>
<arg>${HOME_GRID_RESULTADOPRODUTO}</arg>
<doc>Click the element identified by ``locator``.</doc>
<status status="PASS" start="2024-04-04T21:18:12.896770" elapsed="1.961068"/>
</kw>
<status status="PASS" start="2024-04-04T21:18:07.232088" elapsed="7.626027"/>
</kw>
<kw name="E validar tela de PDP" owner="PdpPage">
<kw name="Wait Until Element Is Visible" owner="SeleniumLibrary">
<arg>${PDP_PAGETITLE_PRODUTO}</arg>
<doc>Waits until the element ``locator`` is visible.</doc>
<status status="PASS" start="2024-04-04T21:18:14.859309" elapsed="0.384278"/>
</kw>
<kw name="Wait Until Element Is Visible" owner="SeleniumLibrary">
<arg>${PDP_IMAGE_PDP}</arg>
<doc>Waits until the element ``locator`` is visible.</doc>
<status status="PASS" start="2024-04-04T21:18:15.243843" elapsed="0.756910"/>
</kw>
<kw name="Wait Until Element Is Visible" owner="SeleniumLibrary">
<arg>${PDP_ITEMPROP_SKUPRODUTO}</arg>
<doc>Waits until the element ``locator`` is visible.</doc>
<status status="PASS" start="2024-04-04T21:18:16.000998" elapsed="0.139603"/>
</kw>
<status status="PASS" start="2024-04-04T21:18:14.858802" elapsed="1.281940"/>
</kw>
<kw name="E adicionar o produto no carrinho" owner="PdpPage">
<kw name="Scroll Element Into View" owner="SeleniumLibrary">
<arg>${PDP_LABEL_DESCPRODUTO}</arg>
<doc>Scrolls the element identified by ``locator`` into view.</doc>
<status status="PASS" start="2024-04-04T21:18:16.141633" elapsed="0.294586"/>
</kw>
<for flavor="IN RANGE">
<iter>
<kw name="Click Element" owner="SeleniumLibrary">
<msg time="2024-04-04T21:18:16.437182" level="INFO">Clicking element '//button[@class='increment']'.</msg>
<arg>${PDP_BUTTON_ADICIONAR_QUANTIDADE_PRODUTO}</arg>
<doc>Click the element identified by ``locator``.</doc>
<status status="PASS" start="2024-04-04T21:18:16.436897" elapsed="0.262535"/>
</kw>
<var name="${index}">0</var>
<status status="PASS" start="2024-04-04T21:18:16.436716" elapsed="0.262829"/>
</iter>
<iter>
<kw name="Click Element" owner="SeleniumLibrary">
<msg time="2024-04-04T21:18:16.701066" level="INFO">Clicking element '//button[@class='increment']'.</msg>
<arg>${PDP_BUTTON_ADICIONAR_QUANTIDADE_PRODUTO}</arg>
<doc>Click the element identified by ``locator``.</doc>
<status status="PASS" start="2024-04-04T21:18:16.700258" elapsed="0.127434"/>
</kw>
<var name="${index}">1</var>
<status status="PASS" start="2024-04-04T21:18:16.699895" elapsed="0.127915"/>
</iter>
<iter>
<kw name="Click Element" owner="SeleniumLibrary">
<msg time="2024-04-04T21:18:16.828537" level="INFO">Clicking element '//button[@class='increment']'.</msg>
<arg>${PDP_BUTTON_ADICIONAR_QUANTIDADE_PRODUTO}</arg>
<doc>Click the element identified by ``locator``.</doc>
<status status="PASS" start="2024-04-04T21:18:16.828222" elapsed="0.075999"/>
</kw>
<var name="${index}">2</var>
<status status="PASS" start="2024-04-04T21:18:16.828027" elapsed="0.076307"/>
</iter>
<iter>
<kw name="Click Element" owner="SeleniumLibrary">
<msg time="2024-04-04T21:18:16.905059" level="INFO">Clicking element '//button[@class='increment']'.</msg>
<arg>${PDP_BUTTON_ADICIONAR_QUANTIDADE_PRODUTO}</arg>
<doc>Click the element identified by ``locator``.</doc>
<status status="PASS" start="2024-04-04T21:18:16.904719" elapsed="0.082028"/>
</kw>
<var name="${index}">3</var>
<status status="PASS" start="2024-04-04T21:18:16.904525" elapsed="0.082467"/>
</iter>
<var>${index}</var>
<value>4</value>
<status status="PASS" start="2024-04-04T21:18:16.436390" elapsed="0.550768"/>
</for>
<kw name="Click Button" owner="SeleniumLibrary">
<msg time="2024-04-04T21:18:16.988082" level="INFO">Clicking button 'product-addtocart-button'.</msg>
<arg>${PDP_BUTTON_ADDCARRINHO}</arg>
<doc>Clicks the button identified by ``locator``.</doc>
<status status="PASS" start="2024-04-04T21:18:16.987675" elapsed="0.179329"/>
</kw>
<kw name="Get Text" owner="SeleniumLibrary">
<msg time="2024-04-04T21:18:17.305406" level="INFO">${DESC_PRODUTO} = FILTRO ÓLEO CARRETA/CAMINHÃO VOLVO METAL LEVE</msg>
<var>${DESC_PRODUTO}</var>
<arg>${PDP_LABEL_NOMEPRODUTO}</arg>
<doc>Returns the text value of the element identified by ``locator``.</doc>
<status status="PASS" start="2024-04-04T21:18:17.167372" elapsed="0.138087"/>
</kw>
<kw name="Set Global Variable" owner="BuiltIn">
<msg time="2024-04-04T21:18:17.306079" level="INFO">${PDP_MENSAGEM_PRODUTOADDAOCARRINHO} = //div[@data-bind='html: $parent.prepareMessageForHtml(message.text)'][contains(.,'FILTRO ÓLEO CARRETA/CAMINHÃO VOLVO METAL LEVE')]</msg>
<arg>${PDP_MENSAGEM_PRODUTOADDAOCARRINHO}</arg>
<arg>//div[@data-bind='html: $parent.prepareMessageForHtml(message.text)'][contains(.,'${DESC_PRODUTO}')]</arg>
<doc>Makes a variable available globally in all tests and suites.</doc>
<status status="PASS" start="2024-04-04T21:18:17.305723" elapsed="0.000419"/>
</kw>
<kw name="Page Should Contain" owner="SeleniumLibrary">
<msg time="2024-04-04T21:18:17.333880" level="INFO">Current page contains text 'FILTRO ÓLEO CARRETA/CAMINHÃO VOLVO METAL LEVE'.</msg>
<arg>${DESC_PRODUTO}</arg>
<arg>${PDP_MENSAGEM_PRODUTOADDAOCARRINHO}</arg>
<doc>Verifies that current page contains ``text``.</doc>
<status status="PASS" start="2024-04-04T21:18:17.306443" elapsed="0.027542"/>
</kw>
<kw name="Wait Until Element Is Visible" owner="SeleniumLibrary">
<arg>${PDP_BUTTON_VERCARRINHO}</arg>
<doc>Waits until the element ``locator`` is visible.</doc>
<status status="PASS" start="2024-04-04T21:18:17.334215" elapsed="1.203390"/>
</kw>
<kw name="Scroll Element Into View" owner="SeleniumLibrary">
<arg>${PDP_BUTTON_VERCARRINHO}</arg>
<doc>Scrolls the element identified by ``locator`` into view.</doc>
<status status="PASS" start="2024-04-04T21:18:18.537889" elapsed="0.293176"/>
</kw>
<kw name="Click Button" owner="SeleniumLibrary">
<msg time="2024-04-04T21:18:18.832353" level="INFO">Clicking button '//button[contains(@title,'Ver Carrinho')]'.</msg>
<arg>${PDP_BUTTON_VERCARRINHO}</arg>
<doc>Clicks the button identified by ``locator``.</doc>
<status status="PASS" start="2024-04-04T21:18:18.831440" elapsed="3.179357"/>
</kw>
<kw name="Click Element" owner="SeleniumLibrary">
<msg time="2024-04-04T21:18:22.012090" level="INFO">Clicking element '//span[contains(.,'Fechar Pedido')]'.</msg>
<arg>${PDP_BUTTON_FECHARPEDIDO}</arg>
<doc>Click the element identified by ``locator``.</doc>
<status status="PASS" start="2024-04-04T21:18:22.011599" elapsed="3.222484"/>
</kw>
<kw name="Wait Until Element Is Visible" owner="SeleniumLibrary">
<arg>${CHECKOUT_BUTTON_NEXTSTEP}</arg>
<doc>Waits until the element ``locator`` is visible.</doc>
<status status="PASS" start="2024-04-04T21:18:25.234646" elapsed="1.996137"/>
</kw>
<kw name="Sleep" owner="BuiltIn">
<msg time="2024-04-04T21:18:32.232461" level="INFO">Slept 5 seconds.</msg>
<arg>5</arg>
<doc>Pauses the test executed for the given time.</doc>
<status status="PASS" start="2024-04-04T21:18:27.231046" elapsed="5.001667"/>
</kw>
<kw name="Click Element" owner="SeleniumLibrary">
<msg time="2024-04-04T21:18:32.233806" level="INFO">Clicking element '//button[@class='action primary checkout next-step-trigger']'.</msg>
<arg>${CHECKOUT_BUTTON_NEXTSTEP}</arg>
<doc>Click the element identified by ``locator``.</doc>
<status status="PASS" start="2024-04-04T21:18:32.233200" elapsed="0.112630"/>
</kw>
<kw name="Wait Until Element Is Enabled" owner="SeleniumLibrary">
<arg>//input[@data-bind='click: removeRewardPoints']</arg>
<doc>Waits until the element ``locator`` is enabled.</doc>
<status status="PASS" start="2024-04-04T21:18:32.346131" elapsed="0.042714"/>
</kw>
<status status="PASS" start="2024-04-04T21:18:16.141259" elapsed="16.247738"/>
</kw>
<kw name="E selecionar o metodo de pagamento como Cartao de Credito" owner="CheckoutPage">
<kw name="Wait Until Element Is Visible" owner="SeleniumLibrary">
<arg>${CHECKOUT_LABEL_RESUMODOPEDIDO}</arg>
<arg>3s</arg>
<doc>Waits until the element ``locator`` is visible.</doc>
<status status="PASS" start="2024-04-04T21:18:32.389736" elapsed="0.029204"/>
</kw>
<kw name="Sleep" owner="BuiltIn">
<msg time="2024-04-04T21:18:35.419924" level="INFO">Slept 3 seconds.</msg>
<arg>3</arg>
<doc>Pauses the test executed for the given time.</doc>
<status status="PASS" start="2024-04-04T21:18:32.419292" elapsed="3.000845"/>
</kw>
<kw name="Click Element" owner="SeleniumLibrary">
<msg time="2024-04-04T21:18:35.421489" level="INFO">Clicking element '//input[contains(@value,'getnet_paymentmagento_cc')]'.</msg>
<arg>${CHECKOUT_RADIOBUTTON_CARTAOCREDITO}</arg>
<doc>Click the element identified by ``locator``.</doc>
<status status="PASS" start="2024-04-04T21:18:35.420754" elapsed="0.110867"/>
</kw>
<kw name="Wait Until Element Is Visible" owner="SeleniumLibrary">
<arg>${CHECKOUT_RADIOBUTTON_CARTAOCREDITO}</arg>
<arg>3s</arg>
<doc>Waits until the element ``locator`` is visible.</doc>
<status status="PASS" start="2024-04-04T21:18:35.531869" elapsed="0.021788"/>
</kw>
<status status="PASS" start="2024-04-04T21:18:32.389334" elapsed="3.164471"/>
</kw>
<kw name="E digitar as informacoes do cartao" owner="CheckoutPage">
<kw name="Input Text" owner="SeleniumLibrary">
<msg time="2024-04-04T21:18:35.554862" level="INFO">Typing text '5155901222280001' into text field '//input[contains(@data-container,'cc-cc-number')]'.</msg>
<arg>//input[contains(@data-container,'cc-cc-number')]</arg>
<arg>5155901222280001</arg>
<doc>Types the given ``text`` into the text field identified by ``locator``.</doc>
<status status="PASS" start="2024-04-04T21:18:35.554637" elapsed="0.193704"/>
</kw>
<kw name="Input Text" owner="SeleniumLibrary">
<msg time="2024-04-04T21:18:35.749262" level="INFO">Typing text '321' into text field '//input[contains(@class,'input-text cvv')]'.</msg>
<arg>//input[contains(@class,'input-text cvv')]</arg>
<arg>321</arg>
<doc>Types the given ``text`` into the text field identified by ``locator``.</doc>
<status status="PASS" start="2024-04-04T21:18:35.748738" elapsed="0.221868"/>
</kw>
<kw name="Sleep" owner="BuiltIn">
<msg time="2024-04-04T21:18:38.971643" level="INFO">Slept 3 seconds.</msg>
<arg>3</arg>
<doc>Pauses the test executed for the given time.</doc>
<status status="PASS" start="2024-04-04T21:18:35.971019" elapsed="3.000820"/>
</kw>
<kw name="Click Element" owner="SeleniumLibrary">
<msg time="2024-04-04T21:18:38.973938" level="INFO">Clicking element '//select[@name='payment[cc_exp_month]'][contains(@id,'expiration')]'.</msg>
<arg>//select[@name='payment[cc_exp_month]'][contains(@id,'expiration')]</arg>
<doc>Click the element identified by ``locator``.</doc>
<status status="PASS" start="2024-04-04T21:18:38.973422" elapsed="0.130190"/>
</kw>
<kw name="Click Element" owner="SeleniumLibrary">
<msg time="2024-04-04T21:18:39.104276" level="INFO">Clicking element '//option[@value='3'][contains(.,'03 - março')]'.</msg>
<arg>//option[@value='3'][contains(.,'03 - março')]</arg>
<doc>Click the element identified by ``locator``.</doc>
<status status="PASS" start="2024-04-04T21:18:39.103898" elapsed="0.101678"/>
</kw>
<kw name="Click Element" owner="SeleniumLibrary">
<msg time="2024-04-04T21:18:39.206102" level="INFO">Clicking element '//select[contains(@name,'payment[cc_exp_year]')]'.</msg>
<arg>//select[contains(@name,'payment[cc_exp_year]')]</arg>
<doc>Click the element identified by ``locator``.</doc>
<status status="PASS" start="2024-04-04T21:18:39.205859" elapsed="0.137395"/>
</kw>
<kw name="Click Element" owner="SeleniumLibrary">
<msg time="2024-04-04T21:18:39.343765" level="INFO">Clicking element '//option[@value='2030']'.</msg>
<arg>//option[@value='2030']</arg>
<doc>Click the element identified by ``locator``.</doc>
<status status="PASS" start="2024-04-04T21:18:39.343511" elapsed="0.059199"/>
</kw>
<kw name="Input Text" owner="SeleniumLibrary">
<msg time="2024-04-04T21:18:39.404815" level="INFO">Typing text 'CLIENTE BARTOFIL' into text field '//input[@type='text'][contains(@id,'name')]'.</msg>
<arg>//input[@type='text'][contains(@id,'name')]</arg>
<arg>CLIENTE BARTOFIL</arg>
<doc>Types the given ``text`` into the text field identified by ``locator``.</doc>
<status status="PASS" start="2024-04-04T21:18:39.404310" elapsed="0.302501"/>
</kw>
<kw name="Click Element" owner="SeleniumLibrary">
<msg time="2024-04-04T21:18:39.708052" level="INFO">Clicking element '//select[@name='payment[cc_installments]'][contains(@id,'installments')]'.</msg>
<arg>//select[@name='payment[cc_installments]'][contains(@id,'installments')]</arg>
<doc>Click the element identified by ``locator``.</doc>
<status status="PASS" start="2024-04-04T21:18:39.707363" elapsed="0.102219"/>
</kw>
<kw name="Click Element" owner="SeleniumLibrary">
<msg time="2024-04-04T21:18:39.810122" level="INFO">Clicking element '(//option[contains(@value,'1')])[10]'.</msg>
<arg>(//option[contains(@value,'1')])[10]</arg>
<doc>Click the element identified by ``locator``.</doc>
<status status="PASS" start="2024-04-04T21:18:39.809884" elapsed="0.084103"/>
</kw>
<status status="PASS" start="2024-04-04T21:18:35.554250" elapsed="4.339883"/>
</kw>
<kw name="E clicar em Finalizar Compra" owner="CheckoutPage">
<kw name="Sleep" owner="BuiltIn">
<msg time="2024-04-04T21:18:42.896139" level="INFO">Slept 3 seconds.</msg>
<arg>3</arg>
<doc>Pauses the test executed for the given time.</doc>
<status status="PASS" start="2024-04-04T21:18:39.894905" elapsed="3.001511"/>
</kw>
<kw name="Scroll Element Into View" owner="SeleniumLibrary">
<arg>${CHECKOUT_BUTTON_FINALIZARCOMPRA}</arg>
<doc>Scrolls the element identified by ``locator`` into view.</doc>
<status status="PASS" start="2024-04-04T21:18:42.896911" elapsed="0.292456"/>
</kw>
<kw name="Click Button" owner="SeleniumLibrary">
<msg time="2024-04-04T21:18:43.189928" level="INFO">Clicking button '//button[@type='button'][contains(.,'Finalizar Compra')]'.</msg>
<arg>${CHECKOUT_BUTTON_FINALIZARCOMPRA}</arg>
<doc>Clicks the button identified by ``locator``.</doc>
<status status="PASS" start="2024-04-04T21:18:43.189626" elapsed="0.175760"/>
</kw>
<status status="PASS" start="2024-04-04T21:18:39.894546" elapsed="3.471004"/>
</kw>
<kw name="Entao mensagem Pronto! Já recebemos o seu pedido. é exibida" owner="CheckoutPage" source_name="Entao mensagem ${MENSAGEM_PEDIDO_RECEBIDO} é exibida">
<kw name="Sleep" owner="BuiltIn">
<msg time="2024-04-04T21:18:46.367280" level="INFO">Slept 3 seconds.</msg>
<arg>3</arg>
<doc>Pauses the test executed for the given time.</doc>
<status status="PASS" start="2024-04-04T21:18:43.366831" elapsed="3.000604"/>
</kw>
<kw name="Wait Until Page Contains" owner="SeleniumLibrary">
<arg>${MENSAGEM_PEDIDO_RECEBIDO}</arg>
<doc>Waits until ``text`` appears on the current page.</doc>
<status status="PASS" start="2024-04-04T21:18:46.367838" elapsed="2.964706"/>
</kw>
<status status="PASS" start="2024-04-04T21:18:43.366091" elapsed="5.966783"/>
</kw>
<kw name="Fechar o navegador" owner="OpenBrowser" type="TEARDOWN">
<kw name="Close Browser" owner="SeleniumLibrary">
<doc>Closes the current browser.</doc>
<status status="PASS" start="2024-04-04T21:18:49.334699" elapsed="0.530610"/>
</kw>
<status status="PASS" start="2024-04-04T21:18:49.333728" elapsed="0.531872"/>
</kw>
<doc>Realizada a venda de um produto nao configuravel com metodo de pagamento Cartao de Credito.</doc>
<tag>VendaCartaoCredito</tag>
<status status="PASS" start="2024-04-04T21:17:55.429503" elapsed="54.436359"/>
</test>
<doc>TESTE AUTOMATIZADO PARA VALIDAR O FLUXO DE VENDA NO PORTAL DA BARTOFIL B2B</doc>
<status status="PASS" start="2024-04-04T21:16:10.391057" elapsed="159.475690"/>
</suite>
<statistics>
<total>
<stat pass="3" fail="0" skip="0">All Tests</stat>
</total>
<tag>
<stat pass="1" fail="0" skip="0">PedidoMetodoPix</stat>
<stat pass="1" fail="0" skip="0">VendaCartaoCredito</stat>
<stat pass="1" fail="0" skip="0">Venda com metodo de pagamento Boleto Antecipado</stat>
</tag>
<suite>
<stat pass="3" fail="0" skip="0" id="s1" name="Venda B2B">Venda B2B</stat>
</suite>
</statistics>
<errors>
</errors>
</robot>
