<?xml version="1.0" encoding="UTF-8"?>
<robot generator="Robot 7.0 (Python 3.12.1 on darwin)" generated="2024-02-02T21:06:27.286637" rpa="false" schemaversion="5">
<suite id="s1" name="AutomacaoWebBartofil" source="/Users/macbook/AutomacaoWebBartofil">
<suite id="s1-s1" name="Tests" source="/Users/macbook/AutomacaoWebBartofil/Tests">
<suite id="s1-s1-s1" name="Venda B2B" source="/Users/macbook/AutomacaoWebBartofil/Tests/Venda_B2B.robot">
<test id="s1-s1-s1-t1" name="Venda de Produto nao configuravel com metodo de pagamento Pix" line="30">
<kw name="Abrir o navegador" owner="OpenBrowser" type="SETUP">
<kw name="Open Browser" owner="SeleniumLibrary">
<msg time="2024-02-02T21:06:27.696016" level="INFO">Opening browser 'chrome' to base url 'None'.</msg>
<arg>browser=${BROWSER}</arg>
<doc>Opens a new browser instance to the optional ``url``.</doc>
<status status="PASS" start="2024-02-02T21:06:27.695385" elapsed="2.314757"/>
</kw>
<kw name="Maximize Browser Window" owner="SeleniumLibrary">
<doc>Maximizes current browser window.</doc>
<status status="PASS" start="2024-02-02T21:06:30.011494" elapsed="0.433615"/>
</kw>
<status status="PASS" start="2024-02-02T21:06:27.693458" elapsed="2.752046"/>
</kw>
<kw name="Dado que acesso o site do parceiro Bartofil" owner="HomePage">
<kw name="Go To" owner="SeleniumLibrary">
<msg time="2024-02-02T21:06:30.447712" level="INFO">Opening url 'https://mcstaging.bartofil.com.br/'</msg>
<arg>${URL_BARTOFIL}</arg>
<doc>Navigates the current browser window to the provided ``url``.</doc>
<status status="PASS" start="2024-02-02T21:06:30.447252" elapsed="1.561035"/>
</kw>
<kw name="Wait Until Element Is Visible" owner="SeleniumLibrary">
<arg>${HOME_IMAGE_STORELOGO}</arg>
<arg>timeout=10s</arg>
<doc>Waits until the element ``locator`` is visible.</doc>
<status status="PASS" start="2024-02-02T21:06:32.008951" elapsed="0.826266"/>
</kw>
<kw name="Click Button" owner="SeleniumLibrary">
<msg time="2024-02-02T21:06:32.836914" level="INFO">Clicking button '//button[@class='action allow primary']'.</msg>
<arg>${HOME_BUTTON_PERMITIRCOOKIES}</arg>
<doc>Clicks the button identified by ``locator``.</doc>
<status status="PASS" start="2024-02-02T21:06:32.835729" elapsed="1.500995"/>
</kw>
<status status="PASS" start="2024-02-02T21:06:30.446342" elapsed="3.890828"/>
</kw>
<kw name="E realizo o login com sucesso" owner="HomePage">
<kw name="Quando clicar em Olá! Entre ou cadastra-se" owner="HomePage">
<kw name="Click Element" owner="SeleniumLibrary">
<msg time="2024-02-02T21:06:34.340530" level="INFO">Clicking element '(//a[contains(@class,'customer-login-link')])[1]'.</msg>
<arg>${HOME_LINK_CUSTOMERLOGIN}</arg>
<doc>Click the element identified by ``locator``.</doc>
<status status="PASS" start="2024-02-02T21:06:34.339784" elapsed="0.515903"/>
</kw>
<kw name="Wait Until Element Is Visible" owner="SeleniumLibrary">
<arg>${HOME_MODALTITLE_JASOUCLIENTE}</arg>
<arg>timeout=10s</arg>
<doc>Waits until the element ``locator`` is visible.</doc>
<status status="PASS" start="2024-02-02T21:06:34.856301" elapsed="0.267517"/>
</kw>
<status status="PASS" start="2024-02-02T21:06:34.339072" elapsed="0.785434"/>
</kw>
<kw name="E preencher login e senha" owner="HomePage">
<kw name="Input Text" owner="SeleniumLibrary">
<msg time="2024-02-02T21:06:35.126893" level="INFO">Typing text '30332817000128' into text field '//input[@placeholder='CPF/CNPJ']'.</msg>
<arg>${HOME_INPUT_USERNAME}</arg>
<arg>${CNPJ_EMPRESA_APROVADA}</arg>
<doc>Types the given ``text`` into the text field identified by ``locator``.</doc>
<status status="PASS" start="2024-02-02T21:06:35.126087" elapsed="0.629705"/>
</kw>
<kw name="Input Password" owner="SeleniumLibrary">
<msg time="2024-02-02T21:06:35.756971" level="INFO">Typing password into text field '//input[contains(@title,'Senha')]'.</msg>
<msg time="2024-02-02T21:06:35.805554" level="INFO">Temporally setting log level to: NONE</msg>
<arg>${HOME_INPUT_PASSWORD}</arg>
<arg>${PASSWORD}</arg>
<doc>Types the given password into the text field identified by ``locator``.</doc>
<status status="PASS" start="2024-02-02T21:06:35.756334" elapsed="0.138321"/>
</kw>
<status status="PASS" start="2024-02-02T21:06:35.124968" elapsed="0.770096"/>
</kw>
<kw name="E clicar em Entrar" owner="HomePage">
<kw name="Click Button" owner="SeleniumLibrary">
<msg time="2024-02-02T21:06:35.896540" level="INFO">Clicking button '//button[@class='action login primary']'.</msg>
<arg>${HOME_BUTTON_LOGIN}</arg>
<doc>Clicks the button identified by ``locator``.</doc>
<status status="PASS" start="2024-02-02T21:06:35.896058" elapsed="0.132991"/>
</kw>
<status status="PASS" start="2024-02-02T21:06:35.895432" elapsed="0.133938"/>
</kw>
<kw name="Então o Minha Conta será exibido no header" owner="HomePage">
<kw name="Wait Until Element Is Visible" owner="SeleniumLibrary">
<arg>${HOME_HEADER_MINHACONTA}</arg>
<arg>timeout=10s</arg>
<doc>Waits until the element ``locator`` is visible.</doc>
<status status="PASS" start="2024-02-02T21:06:36.030506" elapsed="4.149855"/>
</kw>
<status status="PASS" start="2024-02-02T21:06:36.029809" elapsed="4.150989"/>
</kw>
<status status="PASS" start="2024-02-02T21:06:34.338121" elapsed="5.843025"/>
</kw>
<kw name="Quando pesquisar o produto com SKU 108384" owner="HomePage" source_name="Quando pesquisar o produto com SKU ${SKU}">
<kw name="Input Text" owner="SeleniumLibrary">
<msg time="2024-02-02T21:06:40.184545" level="INFO">Typing text '108384' into text field '//input[@name='q']'.</msg>
<arg>${HOME_INPUT_BUSCAPRODUTO}</arg>
<arg>${SKU}</arg>
<doc>Types the given ``text`` into the text field identified by ``locator``.</doc>
<status status="PASS" start="2024-02-02T21:06:40.183595" elapsed="1.371772"/>
</kw>
<kw name="Wait Until Element Is Visible" owner="SeleniumLibrary">
<arg>${HOME_GRID_RESULTADOPRODUTO}</arg>
<doc>Waits until the element ``locator`` is visible.</doc>
<status status="PASS" start="2024-02-02T21:06:41.556616" elapsed="1.089221"/>
</kw>
<kw name="Sleep" owner="BuiltIn">
<msg time="2024-02-02T21:06:45.647415" level="INFO">Slept 3 seconds.</msg>
<arg>3s</arg>
<doc>Pauses the test executed for the given time.</doc>
<status status="PASS" start="2024-02-02T21:06:42.646386" elapsed="3.001400"/>
</kw>
<kw name="Click Element" owner="SeleniumLibrary">
<msg time="2024-02-02T21:06:45.648818" level="INFO">Clicking element '//img[contains(@class,'ProductImage-sc-r6p7z fITroU')]'.</msg>
<arg>${HOME_GRID_RESULTADOPRODUTO}</arg>
<doc>Click the element identified by ``locator``.</doc>
<status status="PASS" start="2024-02-02T21:06:45.648174" elapsed="1.810706"/>
</kw>
<status status="PASS" start="2024-02-02T21:06:40.181918" elapsed="7.277351"/>
</kw>
<kw name="E validar tela de PDP" owner="PdpPage">
<kw name="Wait Until Element Is Visible" owner="SeleniumLibrary">
<arg>${PDP_PAGETITLE_PRODUTO}</arg>
<doc>Waits until the element ``locator`` is visible.</doc>
<status status="PASS" start="2024-02-02T21:06:47.461047" elapsed="0.455713"/>
</kw>
<kw name="Wait Until Element Is Visible" owner="SeleniumLibrary">
<arg>${PDP_IMAGE_PDP}</arg>
<doc>Waits until the element ``locator`` is visible.</doc>
<status status="PASS" start="2024-02-02T21:06:47.917135" elapsed="0.938091"/>
</kw>
<kw name="Wait Until Element Is Visible" owner="SeleniumLibrary">
<arg>${PDP_ITEMPROP_SKUPRODUTO}</arg>
<doc>Waits until the element ``locator`` is visible.</doc>
<status status="PASS" start="2024-02-02T21:06:48.856034" elapsed="0.214519"/>
</kw>
<status status="PASS" start="2024-02-02T21:06:47.459869" elapsed="1.611302"/>
</kw>
<kw name="E adicionar o produto no carrinho" owner="PdpPage">
<kw name="Scroll Element Into View" owner="SeleniumLibrary">
<arg>${PDP_LABEL_DESCPRODUTO}</arg>
<doc>Scrolls the element identified by ``locator`` into view.</doc>
<status status="PASS" start="2024-02-02T21:06:49.072791" elapsed="0.327833"/>
</kw>
<for flavor="IN RANGE">
<iter>
<kw name="Click Element" owner="SeleniumLibrary">
<msg time="2024-02-02T21:06:49.402201" level="INFO">Clicking element '//button[@class='increment']'.</msg>
<arg>${PDP_BUTTON_ADICIONAR_QUANTIDADE_PRODUTO}</arg>
<doc>Click the element identified by ``locator``.</doc>
<status status="PASS" start="2024-02-02T21:06:49.401775" elapsed="0.137322"/>
</kw>
<var name="${index}">0</var>
<status status="PASS" start="2024-02-02T21:06:49.401430" elapsed="0.138178"/>
</iter>
<iter>
<kw name="Click Element" owner="SeleniumLibrary">
<msg time="2024-02-02T21:06:49.540951" level="INFO">Clicking element '//button[@class='increment']'.</msg>
<arg>${PDP_BUTTON_ADICIONAR_QUANTIDADE_PRODUTO}</arg>
<doc>Click the element identified by ``locator``.</doc>
<status status="PASS" start="2024-02-02T21:06:49.540435" elapsed="0.139865"/>
</kw>
<var name="${index}">1</var>
<status status="PASS" start="2024-02-02T21:06:49.539949" elapsed="0.140669"/>
</iter>
<iter>
<kw name="Click Element" owner="SeleniumLibrary">
<msg time="2024-02-02T21:06:49.681698" level="INFO">Clicking element '//button[@class='increment']'.</msg>
<arg>${PDP_BUTTON_ADICIONAR_QUANTIDADE_PRODUTO}</arg>
<doc>Click the element identified by ``locator``.</doc>
<status status="PASS" start="2024-02-02T21:06:49.681191" elapsed="0.062508"/>
</kw>
<var name="${index}">2</var>
<status status="PASS" start="2024-02-02T21:06:49.680898" elapsed="0.063021"/>
</iter>
<iter>
<kw name="Click Element" owner="SeleniumLibrary">
<msg time="2024-02-02T21:06:49.744869" level="INFO">Clicking element '//button[@class='increment']'.</msg>
<arg>${PDP_BUTTON_ADICIONAR_QUANTIDADE_PRODUTO}</arg>
<doc>Click the element identified by ``locator``.</doc>
<status status="PASS" start="2024-02-02T21:06:49.744437" elapsed="0.068352"/>
</kw>
<var name="${index}">3</var>
<status status="PASS" start="2024-02-02T21:06:49.744135" elapsed="0.068874"/>
</iter>
<var>${index}</var>
<value>4</value>
<status status="PASS" start="2024-02-02T21:06:49.400931" elapsed="0.412194"/>
</for>
<kw name="Click Button" owner="SeleniumLibrary">
<msg time="2024-02-02T21:06:49.813817" level="INFO">Clicking button 'product-addtocart-button'.</msg>
<arg>${PDP_BUTTON_ADDCARRINHO}</arg>
<doc>Clicks the button identified by ``locator``.</doc>
<status status="PASS" start="2024-02-02T21:06:49.813381" elapsed="0.185272"/>
</kw>
<kw name="Get Text" owner="SeleniumLibrary">
<msg time="2024-02-02T21:06:50.148958" level="INFO">${DESC_PRODUTO} = FILTRO ÓLEO CARRETA/CAMINHÃO VOLVO METAL LEVE</msg>
<var>${DESC_PRODUTO}</var>
<arg>${PDP_LABEL_NOMEPRODUTO}</arg>
<doc>Returns the text value of the element identified by ``locator``.</doc>
<status status="PASS" start="2024-02-02T21:06:49.999591" elapsed="0.149789"/>
</kw>
<kw name="Set Global Variable" owner="BuiltIn">
<msg time="2024-02-02T21:06:50.152597" level="INFO">${PDP_MENSAGEM_PRODUTOADDAOCARRINHO} = //div[@data-bind='html: $parent.prepareMessageForHtml(message.text)'][contains(.,'FILTRO ÓLEO CARRETA/CAMINHÃO VOLVO METAL LEVE')]</msg>
<arg>${PDP_MENSAGEM_PRODUTOADDAOCARRINHO}</arg>
<arg>//div[@data-bind='html: $parent.prepareMessageForHtml(message.text)'][contains(.,'${DESC_PRODUTO}')]</arg>
<doc>Makes a variable available globally in all tests and suites.</doc>
<status status="PASS" start="2024-02-02T21:06:50.149984" elapsed="0.003278"/>
</kw>
<kw name="Page Should Contain" owner="SeleniumLibrary">
<msg time="2024-02-02T21:06:50.192714" level="INFO">Current page contains text 'FILTRO ÓLEO CARRETA/CAMINHÃO VOLVO METAL LEVE'.</msg>
<arg>${DESC_PRODUTO}</arg>
<arg>${PDP_MENSAGEM_PRODUTOADDAOCARRINHO}</arg>
<doc>Verifies that current page contains ``text``.</doc>
<status status="PASS" start="2024-02-02T21:06:50.153821" elapsed="0.039257"/>
</kw>
<kw name="Wait Until Element Is Visible" owner="SeleniumLibrary">
<arg>${PDP_BUTTON_VERCARRINHO}</arg>
<doc>Waits until the element ``locator`` is visible.</doc>
<status status="PASS" start="2024-02-02T21:06:50.193495" elapsed="1.804880"/>
</kw>
<kw name="Scroll Element Into View" owner="SeleniumLibrary">
<arg>${PDP_BUTTON_VERCARRINHO}</arg>
<doc>Scrolls the element identified by ``locator`` into view.</doc>
<status status="PASS" start="2024-02-02T21:06:51.998743" elapsed="0.281831"/>
</kw>
<kw name="Click Button" owner="SeleniumLibrary">
<msg time="2024-02-02T21:06:52.281316" level="INFO">Clicking button '//button[contains(@title,'Ver Carrinho')]'.</msg>
<arg>${PDP_BUTTON_VERCARRINHO}</arg>
<doc>Clicks the button identified by ``locator``.</doc>
<status status="PASS" start="2024-02-02T21:06:52.280899" elapsed="3.319287"/>
</kw>
<kw name="Click Element" owner="SeleniumLibrary">
<msg time="2024-02-02T21:06:55.601559" level="INFO">Clicking element '//span[contains(.,'Fechar Pedido')]'.</msg>
<arg>${PDP_BUTTON_FECHARPEDIDO}</arg>
<doc>Click the element identified by ``locator``.</doc>
<status status="PASS" start="2024-02-02T21:06:55.600967" elapsed="2.842625"/>
</kw>
<status status="PASS" start="2024-02-02T21:06:49.072183" elapsed="9.372212"/>
</kw>
<kw name="E selecionar o metodo de pagamento como Pix" owner="CheckoutPage">
<kw name="Wait Until Element Is Visible" owner="SeleniumLibrary">
<arg>${CHECKOUT_LABEL_RESUMODOPEDIDO}</arg>
<doc>Waits until the element ``locator`` is visible.</doc>
<status status="PASS" start="2024-02-02T21:06:58.446406" elapsed="1.835997"/>
</kw>
<kw name="Sleep" owner="BuiltIn">
<msg time="2024-02-02T21:07:03.284701" level="INFO">Slept 3 seconds.</msg>
<arg>3</arg>
<doc>Pauses the test executed for the given time.</doc>
<status status="PASS" start="2024-02-02T21:07:00.282835" elapsed="3.002308"/>
</kw>
<kw name="Click Element" owner="SeleniumLibrary">
<msg time="2024-02-02T21:07:03.286000" level="INFO">Clicking element '//button[@class='action primary checkout next-step-trigger']'.</msg>
<arg>${CHECKOUT_BUTTON_CONTINUAR}</arg>
<doc>Click the element identified by ``locator``.</doc>
<status status="PASS" start="2024-02-02T21:07:03.285504" elapsed="0.112421"/>
</kw>
<kw name="Wait Until Element Is Visible" owner="SeleniumLibrary">
<arg>${CHECKOUT_RADIOBUTTON_PIX}</arg>
<doc>Waits until the element ``locator`` is visible.</doc>
<status status="PASS" start="2024-02-02T21:07:03.398319" elapsed="2.612390"/>
</kw>
<kw name="Scroll Element Into View" owner="SeleniumLibrary">
<arg>${CHECKOUT_RADIOBUTTON_PIX}</arg>
<doc>Scrolls the element identified by ``locator`` into view.</doc>
<status status="PASS" start="2024-02-02T21:07:06.011567" elapsed="0.482631"/>
</kw>
<kw name="Sleep" owner="BuiltIn">
<msg time="2024-02-02T21:07:09.495452" level="INFO">Slept 3 seconds.</msg>
<arg>3</arg>
<doc>Pauses the test executed for the given time.</doc>
<status status="PASS" start="2024-02-02T21:07:06.494514" elapsed="3.001374"/>
</kw>
<status status="PASS" start="2024-02-02T21:06:58.445319" elapsed="11.050843"/>
</kw>
<kw name="E verificar o desconto de 3% do Pix" owner="CheckoutPage">
<kw name="Get Text" owner="SeleniumLibrary">
<msg time="2024-02-02T21:07:09.521574" level="INFO">${VALOR_ORIGINAL_PRODUTO} = R$ 207,70</msg>
<var>${VALOR_ORIGINAL_PRODUTO}</var>
<arg>${CHECKOUT_PRICE_VALORTOTALPEDIDO}</arg>
<doc>Returns the text value of the element identified by ``locator``.</doc>
<status status="PASS" start="2024-02-02T21:07:09.497352" elapsed="0.024428"/>
</kw>
<kw name="Replace String" owner="String">
<msg time="2024-02-02T21:07:09.523372" level="INFO">${VALOR_ORIGINAL_PRODUTO} =  207,70</msg>
<var>${VALOR_ORIGINAL_PRODUTO}</var>
<arg>${VALOR_ORIGINAL_PRODUTO}</arg>
<arg>R$</arg>
<arg>${EMPTY}</arg>
<doc>Replaces ``search_for`` in the given ``string`` with ``replace_with``.</doc>
<status status="PASS" start="2024-02-02T21:07:09.522183" elapsed="0.001375"/>
</kw>
<kw name="Replace String" owner="String">
<msg time="2024-02-02T21:07:09.524255" level="INFO">${VALOR_ORIGINAL_PRODUTO} =  207.70</msg>
<var>${VALOR_ORIGINAL_PRODUTO}</var>
<arg>${VALOR_ORIGINAL_PRODUTO}</arg>
<arg>,</arg>
<arg>.</arg>
<doc>Replaces ``search_for`` in the given ``string`` with ``replace_with``.</doc>
<status status="PASS" start="2024-02-02T21:07:09.523847" elapsed="0.000558"/>
</kw>
<kw name="Set Variable" owner="BuiltIn">
<msg time="2024-02-02T21:07:09.525263" level="INFO">${PERCENTUAL_DESCONTO} = 0.03</msg>
<var>${PERCENTUAL_DESCONTO}</var>
<arg>0.03</arg>
<doc>Returns the given values which can then be assigned to a variables.</doc>
<status status="PASS" start="2024-02-02T21:07:09.524739" elapsed="0.000681"/>
</kw>
<kw name="Evaluate" owner="BuiltIn">
<msg time="2024-02-02T21:07:09.526261" level="INFO">${desconto_calculado} = 6.23</msg>
<var>${desconto_calculado}</var>
<arg>round(${VALOR_ORIGINAL_PRODUTO} * ${PERCENTUAL_DESCONTO},2)</arg>
<doc>Evaluates the given expression in Python and returns the result.</doc>
<status status="PASS" start="2024-02-02T21:07:09.525710" elapsed="0.001114"/>
</kw>
<kw name="Evaluate" owner="BuiltIn">
<msg time="2024-02-02T21:07:09.529611" level="INFO">${valor_calculado} = 201.47</msg>
<var>${valor_calculado}</var>
<arg>round(${VALOR_ORIGINAL_PRODUTO} - ${desconto_calculado},2)</arg>
<doc>Evaluates the given expression in Python and returns the result.</doc>
<status status="PASS" start="2024-02-02T21:07:09.527256" elapsed="0.002564"/>
</kw>
<kw name="Convert To String" owner="BuiltIn">
<msg time="2024-02-02T21:07:09.530823" level="INFO">${valor_calculado} = 201.47</msg>
<var>${valor_calculado}</var>
<arg>${valor_calculado}</arg>
<doc>Converts the given item to a Unicode string.</doc>
<status status="PASS" start="2024-02-02T21:07:09.530235" elapsed="0.000774"/>
</kw>
<kw name="Replace String" owner="String">
<msg time="2024-02-02T21:07:09.531740" level="INFO">${valor_calculado} = 201,47</msg>
<var>${valor_calculado}</var>
<arg>${valor_calculado}</arg>
<arg>.</arg>
<arg>,</arg>
<doc>Replaces ``search_for`` in the given ``string`` with ``replace_with``.</doc>
<status status="PASS" start="2024-02-02T21:07:09.531313" elapsed="0.000581"/>
</kw>
<kw name="Click Button" owner="SeleniumLibrary">
<msg time="2024-02-02T21:07:09.532582" level="INFO">Clicking button 'getnet_paymentmagento_pix'.</msg>
<arg>${CHECKOUT_RADIOBUTTON_PIX}</arg>
<doc>Clicks the button identified by ``locator``.</doc>
<status status="PASS" start="2024-02-02T21:07:09.532181" elapsed="0.102637"/>
</kw>
<kw name="Sleep" owner="BuiltIn">
<msg time="2024-02-02T21:07:12.636054" level="INFO">Slept 3 seconds.</msg>
<arg>3</arg>
<doc>Pauses the test executed for the given time.</doc>
<status status="PASS" start="2024-02-02T21:07:09.635156" elapsed="3.001276"/>
</kw>
<kw name="Page Should Contain" owner="SeleniumLibrary">
<msg time="2024-02-02T21:07:12.665925" level="INFO">Current page contains text '201,47'.</msg>
<arg>${valor_calculado}</arg>
<doc>Verifies that current page contains ``text``.</doc>
<status status="PASS" start="2024-02-02T21:07:12.637231" elapsed="0.029031"/>
</kw>
<status status="PASS" start="2024-02-02T21:07:09.496662" elapsed="3.169828"/>
</kw>
<kw name="Fechar o navegador" owner="OpenBrowser" type="TEARDOWN">
<kw name="Close Browser" owner="SeleniumLibrary">
<doc>Closes the current browser.</doc>
<status status="PASS" start="2024-02-02T21:07:12.667625" elapsed="0.510266"/>
</kw>
<status status="PASS" start="2024-02-02T21:07:12.667054" elapsed="0.511547"/>
</kw>
<doc>Realizada a venda de um produto nao configuravel com metodo de pagamento Pix, onde o teste foi encerrado na validacao do desconto de 3%.
Porque esta retornando erro no servidor da getnet devido a falta da instituicao finaceira nao esta configurada</doc>
<tag>Venda com metodo de pagamento Pix</tag>
<status status="PASS" start="2024-02-02T21:06:27.690952" elapsed="45.488177"/>
</test>
<doc>TESTE AUTOMATIZADO PARA VALIDAR O FLUXO DE VENDA NO PORTAL DA BARTOFIL B2B</doc>
<status status="PASS" start="2024-02-02T21:06:27.341037" elapsed="45.839141"/>
</suite>
<status status="PASS" start="2024-02-02T21:06:27.335399" elapsed="45.846714"/>
</suite>
<status status="PASS" start="2024-02-02T21:06:27.294479" elapsed="45.888421"/>
</suite>
<statistics>
<total>
<stat pass="1" fail="0" skip="0">All Tests</stat>
</total>
<tag>
<stat pass="1" fail="0" skip="0">Venda com metodo de pagamento Pix</stat>
</tag>
<suite>
<stat pass="1" fail="0" skip="0" id="s1" name="AutomacaoWebBartofil">AutomacaoWebBartofil</stat>
<stat pass="1" fail="0" skip="0" id="s1-s1" name="Tests">AutomacaoWebBartofil.Tests</stat>
<stat pass="1" fail="0" skip="0" id="s1-s1-s1" name="Venda B2B">AutomacaoWebBartofil.Tests.Venda B2B</stat>
</suite>
</statistics>
<errors>
</errors>
</robot>
